[2016-03-08 18:23:23] [INFO ] org.eclipse.jetty.server.Server.doStart(Server.java:272) jetty-8.1.14.v20131031 
[2016-03-08 18:23:24] [WARN ] org.eclipse.jetty.util.component.AbstractLifeCycle.setFailed(AbstractLifeCycle.java:204) FAILED o.e.j.w.WebAppContext{/weixin-debug,file:/D:/weixin-debug/},D:\weixin-debug\: java.lang.NoSuchFieldError: WEBINF_PATH 
java.lang.NoSuchFieldError: WEBINF_PATH
	at com.zaofans.weixin.ContextListener.initHome(ContextListener.java:34)
	at com.zaofans.weixin.ContextListener.init(ContextListener.java:23)
	at com.zaofans.weixin.ContextListener.contextInitialized(ContextListener.java:19)
	at org.eclipse.jetty.server.handler.ContextHandler.callContextInitialized(ContextHandler.java:782)
	at org.eclipse.jetty.servlet.ServletContextHandler.callContextInitialized(ServletContextHandler.java:424)
	at org.eclipse.jetty.server.handler.ContextHandler.startContext(ContextHandler.java:774)
	at org.eclipse.jetty.servlet.ServletContextHandler.startContext(ServletContextHandler.java:249)
	at org.eclipse.jetty.webapp.WebAppContext.startContext(WebAppContext.java:1242)
	at org.eclipse.jetty.server.handler.ContextHandler.doStart(ContextHandler.java:717)
	at org.eclipse.jetty.webapp.WebAppContext.doStart(WebAppContext.java:494)
	at org.eclipse.jetty.util.component.AbstractLifeCycle.start(AbstractLifeCycle.java:64)
	at org.eclipse.jetty.server.handler.HandlerWrapper.doStart(HandlerWrapper.java:95)
	at org.eclipse.jetty.server.Server.doStart(Server.java:282)
	at org.eclipse.jetty.util.component.AbstractLifeCycle.start(AbstractLifeCycle.java:64)
	at start.StartWeixinHttpServer.start(StartWeixinHttpServer.java:73)
	at sun.reflect.NativeMethodAccessorImpl.invoke0(Native Method)
	at sun.reflect.NativeMethodAccessorImpl.invoke(Unknown Source)
	at sun.reflect.DelegatingMethodAccessorImpl.invoke(Unknown Source)
	at java.lang.reflect.Method.invoke(Unknown Source)
	at start.StartWeixinHttpServer.main(StartWeixinHttpServer.java:26)
[2016-03-08 18:23:24] [WARN ] org.eclipse.jetty.util.component.AbstractLifeCycle.setFailed(AbstractLifeCycle.java:204) FAILED org.eclipse.jetty.server.Server@3bd193c9: java.lang.NoSuchFieldError: WEBINF_PATH 
java.lang.NoSuchFieldError: WEBINF_PATH
	at com.zaofans.weixin.ContextListener.initHome(ContextListener.java:34)
	at com.zaofans.weixin.ContextListener.init(ContextListener.java:23)
	at com.zaofans.weixin.ContextListener.contextInitialized(ContextListener.java:19)
	at org.eclipse.jetty.server.handler.ContextHandler.callContextInitialized(ContextHandler.java:782)
	at org.eclipse.jetty.servlet.ServletContextHandler.callContextInitialized(ServletContextHandler.java:424)
	at org.eclipse.jetty.server.handler.ContextHandler.startContext(ContextHandler.java:774)
	at org.eclipse.jetty.servlet.ServletContextHandler.startContext(ServletContextHandler.java:249)
	at org.eclipse.jetty.webapp.WebAppContext.startContext(WebAppContext.java:1242)
	at org.eclipse.jetty.server.handler.ContextHandler.doStart(ContextHandler.java:717)
	at org.eclipse.jetty.webapp.WebAppContext.doStart(WebAppContext.java:494)
	at org.eclipse.jetty.util.component.AbstractLifeCycle.start(AbstractLifeCycle.java:64)
	at org.eclipse.jetty.server.handler.HandlerWrapper.doStart(HandlerWrapper.java:95)
	at org.eclipse.jetty.server.Server.doStart(Server.java:282)
	at org.eclipse.jetty.util.component.AbstractLifeCycle.start(AbstractLifeCycle.java:64)
	at start.StartWeixinHttpServer.start(StartWeixinHttpServer.java:73)
	at sun.reflect.NativeMethodAccessorImpl.invoke0(Native Method)
	at sun.reflect.NativeMethodAccessorImpl.invoke(Unknown Source)
	at sun.reflect.DelegatingMethodAccessorImpl.invoke(Unknown Source)
	at java.lang.reflect.Method.invoke(Unknown Source)
	at start.StartWeixinHttpServer.main(StartWeixinHttpServer.java:26)
[2016-03-08 18:23:37] [INFO ] org.eclipse.jetty.server.Server.doStart(Server.java:272) jetty-8.1.14.v20131031 
[2016-03-08 18:23:38] [WARN ] org.eclipse.jetty.util.component.AbstractLifeCycle.setFailed(AbstractLifeCycle.java:204) FAILED o.e.j.w.WebAppContext{/weixin-debug,file:/D:/weixin-debug/},D:\weixin-debug\: java.lang.NoSuchFieldError: WEBINF_PATH 
java.lang.NoSuchFieldError: WEBINF_PATH
	at com.zaofans.weixin.ContextListener.initHome(ContextListener.java:34)
	at com.zaofans.weixin.ContextListener.init(ContextListener.java:23)
	at com.zaofans.weixin.ContextListener.contextInitialized(ContextListener.java:19)
	at org.eclipse.jetty.server.handler.ContextHandler.callContextInitialized(ContextHandler.java:782)
	at org.eclipse.jetty.servlet.ServletContextHandler.callContextInitialized(ServletContextHandler.java:424)
	at org.eclipse.jetty.server.handler.ContextHandler.startContext(ContextHandler.java:774)
	at org.eclipse.jetty.servlet.ServletContextHandler.startContext(ServletContextHandler.java:249)
	at org.eclipse.jetty.webapp.WebAppContext.startContext(WebAppContext.java:1242)
	at org.eclipse.jetty.server.handler.ContextHandler.doStart(ContextHandler.java:717)
	at org.eclipse.jetty.webapp.WebAppContext.doStart(WebAppContext.java:494)
	at org.eclipse.jetty.util.component.AbstractLifeCycle.start(AbstractLifeCycle.java:64)
	at org.eclipse.jetty.server.handler.HandlerWrapper.doStart(HandlerWrapper.java:95)
	at org.eclipse.jetty.server.Server.doStart(Server.java:282)
	at org.eclipse.jetty.util.component.AbstractLifeCycle.start(AbstractLifeCycle.java:64)
	at start.StartWeixinHttpServer.start(StartWeixinHttpServer.java:73)
	at sun.reflect.NativeMethodAccessorImpl.invoke0(Native Method)
	at sun.reflect.NativeMethodAccessorImpl.invoke(Unknown Source)
	at sun.reflect.DelegatingMethodAccessorImpl.invoke(Unknown Source)
	at java.lang.reflect.Method.invoke(Unknown Source)
	at start.StartWeixinHttpServer.main(StartWeixinHttpServer.java:26)
[2016-03-08 18:23:38] [WARN ] org.eclipse.jetty.util.component.AbstractLifeCycle.setFailed(AbstractLifeCycle.java:204) FAILED org.eclipse.jetty.server.Server@3bd193c9: java.lang.NoSuchFieldError: WEBINF_PATH 
java.lang.NoSuchFieldError: WEBINF_PATH
	at com.zaofans.weixin.ContextListener.initHome(ContextListener.java:34)
	at com.zaofans.weixin.ContextListener.init(ContextListener.java:23)
	at com.zaofans.weixin.ContextListener.contextInitialized(ContextListener.java:19)
	at org.eclipse.jetty.server.handler.ContextHandler.callContextInitialized(ContextHandler.java:782)
	at org.eclipse.jetty.servlet.ServletContextHandler.callContextInitialized(ServletContextHandler.java:424)
	at org.eclipse.jetty.server.handler.ContextHandler.startContext(ContextHandler.java:774)
	at org.eclipse.jetty.servlet.ServletContextHandler.startContext(ServletContextHandler.java:249)
	at org.eclipse.jetty.webapp.WebAppContext.startContext(WebAppContext.java:1242)
	at org.eclipse.jetty.server.handler.ContextHandler.doStart(ContextHandler.java:717)
	at org.eclipse.jetty.webapp.WebAppContext.doStart(WebAppContext.java:494)
	at org.eclipse.jetty.util.component.AbstractLifeCycle.start(AbstractLifeCycle.java:64)
	at org.eclipse.jetty.server.handler.HandlerWrapper.doStart(HandlerWrapper.java:95)
	at org.eclipse.jetty.server.Server.doStart(Server.java:282)
	at org.eclipse.jetty.util.component.AbstractLifeCycle.start(AbstractLifeCycle.java:64)
	at start.StartWeixinHttpServer.start(StartWeixinHttpServer.java:73)
	at sun.reflect.NativeMethodAccessorImpl.invoke0(Native Method)
	at sun.reflect.NativeMethodAccessorImpl.invoke(Unknown Source)
	at sun.reflect.DelegatingMethodAccessorImpl.invoke(Unknown Source)
	at java.lang.reflect.Method.invoke(Unknown Source)
	at start.StartWeixinHttpServer.main(StartWeixinHttpServer.java:26)
[2016-03-08 18:24:07] [INFO ] org.eclipse.jetty.server.Server.doStart(Server.java:272) jetty-8.1.14.v20131031 
[2016-03-08 18:24:08] [WARN ] org.eclipse.jetty.util.component.AbstractLifeCycle.setFailed(AbstractLifeCycle.java:204) FAILED o.e.j.w.WebAppContext{/weixin-debug,file:/D:/weixin-debug/},D:\weixin-debug\: java.lang.NoSuchFieldError: WEBINF_PATH 
java.lang.NoSuchFieldError: WEBINF_PATH
	at com.zaofans.weixin.ContextListener.initHome(ContextListener.java:34)
	at com.zaofans.weixin.ContextListener.init(ContextListener.java:23)
	at com.zaofans.weixin.ContextListener.contextInitialized(ContextListener.java:19)
	at org.eclipse.jetty.server.handler.ContextHandler.callContextInitialized(ContextHandler.java:782)
	at org.eclipse.jetty.servlet.ServletContextHandler.callContextInitialized(ServletContextHandler.java:424)
	at org.eclipse.jetty.server.handler.ContextHandler.startContext(ContextHandler.java:774)
	at org.eclipse.jetty.servlet.ServletContextHandler.startContext(ServletContextHandler.java:249)
	at org.eclipse.jetty.webapp.WebAppContext.startContext(WebAppContext.java:1242)
	at org.eclipse.jetty.server.handler.ContextHandler.doStart(ContextHandler.java:717)
	at org.eclipse.jetty.webapp.WebAppContext.doStart(WebAppContext.java:494)
	at org.eclipse.jetty.util.component.AbstractLifeCycle.start(AbstractLifeCycle.java:64)
	at org.eclipse.jetty.server.handler.HandlerWrapper.doStart(HandlerWrapper.java:95)
	at org.eclipse.jetty.server.Server.doStart(Server.java:282)
	at org.eclipse.jetty.util.component.AbstractLifeCycle.start(AbstractLifeCycle.java:64)
	at start.StartWeixinHttpServer.start(StartWeixinHttpServer.java:73)
	at sun.reflect.NativeMethodAccessorImpl.invoke0(Native Method)
	at sun.reflect.NativeMethodAccessorImpl.invoke(Unknown Source)
	at sun.reflect.DelegatingMethodAccessorImpl.invoke(Unknown Source)
	at java.lang.reflect.Method.invoke(Unknown Source)
	at start.StartWeixinHttpServer.main(StartWeixinHttpServer.java:26)
[2016-03-08 18:24:08] [WARN ] org.eclipse.jetty.util.component.AbstractLifeCycle.setFailed(AbstractLifeCycle.java:204) FAILED org.eclipse.jetty.server.Server@535621fd: java.lang.NoSuchFieldError: WEBINF_PATH 
java.lang.NoSuchFieldError: WEBINF_PATH
	at com.zaofans.weixin.ContextListener.initHome(ContextListener.java:34)
	at com.zaofans.weixin.ContextListener.init(ContextListener.java:23)
	at com.zaofans.weixin.ContextListener.contextInitialized(ContextListener.java:19)
	at org.eclipse.jetty.server.handler.ContextHandler.callContextInitialized(ContextHandler.java:782)
	at org.eclipse.jetty.servlet.ServletContextHandler.callContextInitialized(ServletContextHandler.java:424)
	at org.eclipse.jetty.server.handler.ContextHandler.startContext(ContextHandler.java:774)
	at org.eclipse.jetty.servlet.ServletContextHandler.startContext(ServletContextHandler.java:249)
	at org.eclipse.jetty.webapp.WebAppContext.startContext(WebAppContext.java:1242)
	at org.eclipse.jetty.server.handler.ContextHandler.doStart(ContextHandler.java:717)
	at org.eclipse.jetty.webapp.WebAppContext.doStart(WebAppContext.java:494)
	at org.eclipse.jetty.util.component.AbstractLifeCycle.start(AbstractLifeCycle.java:64)
	at org.eclipse.jetty.server.handler.HandlerWrapper.doStart(HandlerWrapper.java:95)
	at org.eclipse.jetty.server.Server.doStart(Server.java:282)
	at org.eclipse.jetty.util.component.AbstractLifeCycle.start(AbstractLifeCycle.java:64)
	at start.StartWeixinHttpServer.start(StartWeixinHttpServer.java:73)
	at sun.reflect.NativeMethodAccessorImpl.invoke0(Native Method)
	at sun.reflect.NativeMethodAccessorImpl.invoke(Unknown Source)
	at sun.reflect.DelegatingMethodAccessorImpl.invoke(Unknown Source)
	at java.lang.reflect.Method.invoke(Unknown Source)
	at start.StartWeixinHttpServer.main(StartWeixinHttpServer.java:26)
[2016-03-08 18:26:19] [INFO ] org.eclipse.jetty.server.Server.doStart(Server.java:272) jetty-8.1.14.v20131031 
[2016-03-08 18:26:20] [WARN ] org.eclipse.jetty.util.component.AbstractLifeCycle.setFailed(AbstractLifeCycle.java:204) FAILED o.e.j.w.WebAppContext{/weixin-debug,file:/D:/weixin-debug/},D:\weixin-debug\: java.lang.NoSuchFieldError: WEBINF_PATH 
java.lang.NoSuchFieldError: WEBINF_PATH
	at com.zaofans.weixin.ContextListener.initHome(ContextListener.java:34)
	at com.zaofans.weixin.ContextListener.init(ContextListener.java:23)
	at com.zaofans.weixin.ContextListener.contextInitialized(ContextListener.java:19)
	at org.eclipse.jetty.server.handler.ContextHandler.callContextInitialized(ContextHandler.java:782)
	at org.eclipse.jetty.servlet.ServletContextHandler.callContextInitialized(ServletContextHandler.java:424)
	at org.eclipse.jetty.server.handler.ContextHandler.startContext(ContextHandler.java:774)
	at org.eclipse.jetty.servlet.ServletContextHandler.startContext(ServletContextHandler.java:249)
	at org.eclipse.jetty.webapp.WebAppContext.startContext(WebAppContext.java:1242)
	at org.eclipse.jetty.server.handler.ContextHandler.doStart(ContextHandler.java:717)
	at org.eclipse.jetty.webapp.WebAppContext.doStart(WebAppContext.java:494)
	at org.eclipse.jetty.util.component.AbstractLifeCycle.start(AbstractLifeCycle.java:64)
	at org.eclipse.jetty.server.handler.HandlerWrapper.doStart(HandlerWrapper.java:95)
	at org.eclipse.jetty.server.Server.doStart(Server.java:282)
	at org.eclipse.jetty.util.component.AbstractLifeCycle.start(AbstractLifeCycle.java:64)
	at start.StartWeixinHttpServer.start(StartWeixinHttpServer.java:73)
	at sun.reflect.NativeMethodAccessorImpl.invoke0(Native Method)
	at sun.reflect.NativeMethodAccessorImpl.invoke(Unknown Source)
	at sun.reflect.DelegatingMethodAccessorImpl.invoke(Unknown Source)
	at java.lang.reflect.Method.invoke(Unknown Source)
	at start.StartWeixinHttpServer.main(StartWeixinHttpServer.java:26)
[2016-03-08 18:26:20] [WARN ] org.eclipse.jetty.util.component.AbstractLifeCycle.setFailed(AbstractLifeCycle.java:204) FAILED org.eclipse.jetty.server.Server@3bd193c9: java.lang.NoSuchFieldError: WEBINF_PATH 
java.lang.NoSuchFieldError: WEBINF_PATH
	at com.zaofans.weixin.ContextListener.initHome(ContextListener.java:34)
	at com.zaofans.weixin.ContextListener.init(ContextListener.java:23)
	at com.zaofans.weixin.ContextListener.contextInitialized(ContextListener.java:19)
	at org.eclipse.jetty.server.handler.ContextHandler.callContextInitialized(ContextHandler.java:782)
	at org.eclipse.jetty.servlet.ServletContextHandler.callContextInitialized(ServletContextHandler.java:424)
	at org.eclipse.jetty.server.handler.ContextHandler.startContext(ContextHandler.java:774)
	at org.eclipse.jetty.servlet.ServletContextHandler.startContext(ServletContextHandler.java:249)
	at org.eclipse.jetty.webapp.WebAppContext.startContext(WebAppContext.java:1242)
	at org.eclipse.jetty.server.handler.ContextHandler.doStart(ContextHandler.java:717)
	at org.eclipse.jetty.webapp.WebAppContext.doStart(WebAppContext.java:494)
	at org.eclipse.jetty.util.component.AbstractLifeCycle.start(AbstractLifeCycle.java:64)
	at org.eclipse.jetty.server.handler.HandlerWrapper.doStart(HandlerWrapper.java:95)
	at org.eclipse.jetty.server.Server.doStart(Server.java:282)
	at org.eclipse.jetty.util.component.AbstractLifeCycle.start(AbstractLifeCycle.java:64)
	at start.StartWeixinHttpServer.start(StartWeixinHttpServer.java:73)
	at sun.reflect.NativeMethodAccessorImpl.invoke0(Native Method)
	at sun.reflect.NativeMethodAccessorImpl.invoke(Unknown Source)
	at sun.reflect.DelegatingMethodAccessorImpl.invoke(Unknown Source)
	at java.lang.reflect.Method.invoke(Unknown Source)
	at start.StartWeixinHttpServer.main(StartWeixinHttpServer.java:26)
[2016-03-08 18:27:28] [INFO ] org.eclipse.jetty.server.Server.doStart(Server.java:272) jetty-8.1.14.v20131031 
[2016-03-08 18:27:29] [WARN ] com.bokesoft.thirdparty.weixin.ApplicationContext.warn(ApplicationContext.java:374) server.soa.weixin.subscribe_message is empty,using default:欢迎关注我们！ 
[2016-03-08 18:27:29] [WARN ] com.bokesoft.thirdparty.weixin.ApplicationContext.warn(ApplicationContext.java:374) server.soa.weixin.default_reply_message is empty,using default:没有找到该关键词！ 
[2016-03-08 18:27:29] [WARN ] com.bokesoft.thirdparty.weixin.ApplicationContext.warn(ApplicationContext.java:374) server.soa.weixin.weixinmessage_logger is empty,using default:com.bokesoft.thirdparty.weixin.service.Log4jWeixinMessageLogger 
[2016-03-08 18:27:29] [WARN ] com.bokesoft.thirdparty.weixin.ApplicationContext.warn(ApplicationContext.java:374) server.soa.weixin.remote_message_handle is empty,using default:com.bokesoft.thirdparty.weixin.remote.extend.DefaultWeixinRemoteMessageHandle 
[2016-03-08 18:27:29] [WARN ] com.bokesoft.thirdparty.weixin.ApplicationContext.warn(ApplicationContext.java:374) server.soa.weixin.weixinmessage_Handle is empty,using default:com.bokesoft.thirdparty.weixin.service.WeixinMessageHandleImpl 
[2016-03-08 18:27:29] [WARN ] com.bokesoft.thirdparty.weixin.ApplicationContext.warn(ApplicationContext.java:374) server.soa.weixin.remote_proxys is empty,using default: 
[2016-03-08 18:27:29] [INFO ] com.bokesoft.thirdparty.weixin.ApplicationContext.initWeixinRemoteHandle(ApplicationContext.java:664) load class from remote.properties:com.zaofans.weixin.remotehandle.OrderListQueryHandle,trigger:订单 
[2016-03-08 18:27:29] [INFO ] com.bokesoft.thirdparty.weixin.ApplicationContext.initWeixinRemoteHandle(ApplicationContext.java:664) load class from remote.properties:com.bokesoft.thirdparty.weixin.example.flow.location.LocationFindFlowTest,trigger:附近 
[2016-03-08 18:27:29] [INFO ] com.bokesoft.thirdparty.weixin.ApplicationContext.initWeixinRemoteHandle(ApplicationContext.java:664) load class from remote.properties:com.zaofans.weixin.remotehandle.ScanCellHandle4Share,trigger:申请邀请码 
[2016-03-08 18:27:29] [INFO ] com.bokesoft.thirdparty.weixin.ApplicationContext.initWeixinRemoteHandle(ApplicationContext.java:664) load class from remote.properties:com.zaofans.weixin.remotehandle.ScanCellHandle,trigger:Scan 
[2016-03-08 18:27:29] [INFO ] com.bokesoft.thirdparty.weixin.ApplicationContext.initWeixinRemoteHandle(ApplicationContext.java:664) load class from remote.properties:com.bokesoft.thirdparty.weixin.example.flow.DefaultFlowTest,trigger:远程测试 
[2016-03-08 18:27:29] [INFO ] com.bokesoft.thirdparty.weixin.ApplicationContext.initWeixinRemoteHandle(ApplicationContext.java:664) load class from remote.properties:com.zaofans.weixin.remotehandle.SubscribeCellHandle,trigger:Subscribe 
[2016-03-08 18:27:29] [INFO ] com.bokesoft.thirdparty.weixin.ApplicationContext.initWeixinRemoteHandle(ApplicationContext.java:664) load class from remote.properties:com.zaofans.weixin.remotehandle.OrderQueryHandle,trigger:订单查询 
[2016-03-08 18:27:29] [INFO ] com.bokesoft.thirdparty.weixin.ApplicationContext.initWeixinRemoteHandle(ApplicationContext.java:664) load class from remote.properties:com.zaofans.weixin.remotehandle.CheckcodeQueryHandle,trigger:取餐码 
[2016-03-08 18:27:29] [INFO ] com.bokesoft.thirdparty.weixin.ApplicationContext.initWeixinRemoteHandle(ApplicationContext.java:664) load class from remote.properties:com.bokesoft.thirdparty.weixin.example.flow.location.LocationGoFlowTest,trigger:我要去 
[2016-03-08 18:27:29] [INFO ] com.bokesoft.thirdparty.weixin.ApplicationContext.initWeixinRemoteHandle(ApplicationContext.java:664) load class from remote.properties:com.bokesoft.thirdparty.weixin.example.weather.WeixinRemoteTextMessageWeatherCellHandle,trigger:天气 
[2016-03-08 18:27:29] [INFO ] com.bokesoft.thirdparty.weixin.ApplicationContext.initWeixinRemoteHandle(ApplicationContext.java:664) load class from remote.properties:com.zaofans.weixin.remotehandle.ScancodeWaitmsgHandle,trigger:ScancodeWaitmsg 
[2016-03-08 18:27:29] [INFO ] com.bokesoft.thirdparty.weixin.ApplicationContext.initWeixinRemoteHandle(ApplicationContext.java:664) load class from remote.properties:com.bokesoft.thirdparty.weixin.example.jar.WeixinDaiban,trigger:审批 
[2016-03-08 18:27:29] [WARN ] com.bokesoft.thirdparty.weixin.ApplicationContext.warn(ApplicationContext.java:374) server.soa.weixin.weixinpublicnumber_provider is empty,using default:com.bokesoft.thirdparty.weixin.publicnumber.LocalWeixinPublicNumberProvider 
[2016-03-08 18:27:29] [INFO ] com.bokesoft.thirdparty.weixin.publicnumber.LocalWeixinPublicNumberProvider.initialize(LocalWeixinPublicNumberProvider.java:33) Publicnumber-config-path:D:\weixin-debug\WEB-INF\wx-conf 
[2016-03-08 18:27:29] [INFO ] com.bokesoft.thirdparty.weixin.publicnumber.WeixinPublicNumberUpdater.updateAllProperties(WeixinPublicNumberUpdater.java:27) start update weixinpublicnumber uname:zaofans 
[2016-03-08 18:27:29] [INFO ] com.bokesoft.thirdparty.weixin.publicnumber.WeixinPublicNumberUpdater.updateWeixinPublicNumber(WeixinPublicNumberUpdater.java:39) update weixinpublicnumber {"access_token":"85JUjuu43xrd0jmy6FKXVrd6xzH8b-ZB0CivKDbz-ph6y9bDoSnjS3SfkTy7WoPKl8FnMqtHIpzNWNyz5Ayt1hM4dBN5JPl9ZCkwUFGGgOmVOpP6_9QiI-weWX5z87B7ZNEgAGALZQ","api_ticket":"kgt8ON7yVITDhtdwci0qefXy7JAEQYQLx7JEV4eY-8XRK5hdCFT320D9syJ8DOK-I_mH_PCbBou0gNw6tl3xyQ","app_id":"wxb0894c2926e0b2c9","app_secret":"2298bf6d30d3310ab6d6194032c68696","createTime":1456725405248,"defaultReplyMessage":{"content":"默认消息回复","createTime":0,"msgType":"text","reply":true},"editKeywordsReplyMessage":{"Subscribe_0":{"content":"Hi, 我是Jamie, JoySeed主厨。\n我们提供新鲜、营养均衡的时尚早餐，从新鲜出炉到你的手中，只要2小时。\n了解最新菜单，点击【立即购买】。","createTime":1455886452729,"fromUserName":"gh_a99752f64f36","msgType":"text","reply":true,"serviceKey":"Subscribe_0","toUserName":"oqdjcwzW5uiqS1m66LY9aMhKyrZc"},"Subscribe_1":{"articleCount":1,"articles":[{"description":"","picUrl":"http://www.zaofans.com/weixin-test/m.do?type=wx-download-image&filePath=zaofans/183701f8y6g7fv3ywe4383.jpg&fileName=183701f8y6g7fv3ywe4383.jpg","title":"通知1","url":"http://mp.weixin.qq.com/s?__biz=MzAwODY3MjkyNQ==&mid=207986068&idx=1&sn=411c9e5fee8bd310bf5111be457ae0d8&scene=0#rd"}],"createTime":0,"msgType":"news","reply":true,"serviceKey":"Subscribe_1"},"Subscribe_2":{"content":"您好，欢迎关注JoySeed，您已成为JoySeed会员，您拥有3次邀请凌空小伙伴成为会员的机会，点击【我的】-【分享】即可立即邀请。\n","createTime":0,"msgType":"text","reply":true,"serviceKey":"Subscribe_2"},"Subscribe_3":{"articleCount":1,"articles":[{"description":"","picUrl":"http://www.zaofans.com/weixin-test/m.do?type=wx-download-image&filePath=zaofans/183701f8y6g7fv3ywe4383.jpg&fileName=183701f8y6g7fv3ywe4383.jpg","title":"通知3","url":"http://mp.weixin.qq.com/s?__biz=MzAwODY3MjkyNQ==&mid=207986068&idx=1&sn=411c9e5fee8bd310bf5111be457ae0d8&scene=0#rd"}],"createTime":1440845115907,"fromUserName":"gh_8b1e45e101af","msgType":"news","reply":true,"serviceKey":"Subscribe_3","toUserName":"onbRUsyIXOMPNETJ1IkjJGSVAu4A"},"Subscribe_BEIJING":{"content":"BEIJING","createTime":0,"msgType":"text","reply":true,"serviceKey":"Subscribe_BEIJING"},"Subscribe_INIT":{"content":"INIT","createTime":0,"msgType":"text","reply":true,"serviceKey":"Subscribe_INIT"},"Subscribe_again":{"content":"逗比，你已经扫过该码了！","createTime":1445572599055,"fromUserName":"gh_8b1e45e101af","msgType":"text","reply":true,"serviceKey":"Subscribe_again","toUserName":"onbRUs-2v9TTIWlxluk6cYpM3PXE"},"aaaaa":{"articleCount":2,"articles":[{"description":"","picUrl":"http://pic.nipic.com/2007-11-09/2007119122519868_2.jpg","title":"aaaa","url":"http://mp.weixin.qq.com/s?__biz=MjM5NTA5NzYyMA==&mid=400236622&idx=3&sn=946d9e929ab128ff2452b26a65325f43&scene=0&key=b410d3164f5f798e52ba9c6a3b9b4dccb76bef7797b3c0107b0ce8e8c78d1cabeb79671dcc0092aef88947f24d59ace8&ascene=1&uin=MTk0NjA5MjUwMA%3D%3D&devicetype=Windows+7&version=61050016&pass_ticket=jH7A4eSq%2FSYKDSOZNaMdq2s8FTsbB5RvVYd4rWTvkPb%2B96S%2Fu0F%2Bq%2FGMA7IB8M70"},{"description":"","picUrl":"http://pic.nipic.com/2007-11-09/2007119122519868_2.jpg","title":"这是名称","url":"http://mp.weixin.qq.com/s?__biz=MjM5NTA5NzYyMA==&mid=400236622&idx=3&sn=946d9e929ab128ff2452b26a65325f43&scene=0&key=b410d3164f5f798e52ba9c6a3b9b4dccb76bef7797b3c0107b0ce8e8c78d1cabeb79671dcc0092aef88947f24d59ace8&ascene=1&uin=MTk0NjA5MjUwMA%3D%3D&devicetype=Windows+7&version=61050016&pass_ticket=jH7A4eSq%2FSYKDSOZNaMdq2s8FTsbB5RvVYd4rWTvkPb%2B96S%2Fu0F%2Bq%2FGMA7IB8M70"}],"createTime":0,"msgType":"news","reply":true,"serviceKey":"aaaaa"},"help":{"content":"发送\"trade\"或者\"订单\"，将为您查询所有订单记录。\n发送字母t+完整订单号(如:t123456789)，将为您查询该订单记录。\n\n发送\"refund\"或者\"取消订单\"，将为您查询所有已取消订单记录。\n发送字母r+完整订单号(如:r123456789)，将为您查询该订单记录。\n\n发送\"deposit\"或者\"充值\"，将为您查询所有充值记录。","createTime":0,"msgType":"text","reply":true,"serviceKey":"help"},"个人中心":{"content":"https://open.weixin.qq.com/connect/oauth2/authorize?appid=wxb0894c2926e0b2c9&redirect_uri=http%3a%2f%2fwww.zaofans.com%2fOrderUI_joyseed%2findex.html%23%2fusercenter&response_type=code&scope=snsapi_base&state=123456#wechat_redirect","createTime":0,"msgType":"text","reply":true,"serviceKey":"个人中心"},"你好":{"content":"你好","createTime":0,"msgType":"text","reply":true,"serviceKey":"你好"},"充值优惠":{"content":"<a href=\"http://192.168.46.95:8080/orderUI/trunk/zaofan/#/mySpace/recharge?__wxopenid=${openid}\">点击打开充值优惠</a>","createTime":0,"msgType":"text","reply":true,"serviceKey":"充值优惠"},"充值测试":{"content":"您近期充值记录如下：\n\n订单编号：123456，充值金额：100.00元，充值日期：2015-08-01 12:00:15\n订单编号：654321，充值金额：150.00元，充值日期：2015-08-01 15:21:02\n订单编号：321456，充值金额：500.00元，充值日期：2015-08-01 18:30:09\n\n如有疑问，请联系客服电话4008900301。非工作时段也可以发送\"help\"或\"帮助\"进行相关咨询。","createTime":0,"msgType":"text","reply":true,"serviceKey":"充值测试"},"免费领餐":{"content":"<a href=\"http://www.baidu.com?openid=${openid}\">点击打开免费领餐</a>","createTime":0,"msgType":"text","reply":true,"serviceKey":"免费领餐"},"关于我们":{"articleCount":1,"articles":[{"description":"","picUrl":"http://www.joyseed.com/weixin-test/m.do?type=wx-download-image&filePath=zaofans/640.jpg&completeName=640.jpg","title":"关于我们","url":"http://mp.weixin.qq.com/s?__biz=MzAwMTAzNzkyNQ==&mid=203738571&idx=1&sn=116de19aa6ab5d3f50700b3d82e12a48#rd"}],"createTime":0,"msgType":"news","reply":true,"serviceKey":"关于我们"},"分享":{"content":"<a href=\"https://open.weixin.qq.com/connect/oauth2/authorize?appid=wx6cdf1c4b3e368bcd&redirect_uri=http%3a%2f%2fwww.zaofans.com%2factivity%2factivity%2fbuildShareQRCode&response_type=code&scope=snsapi_base&state=123456#wechat_redirect\">点击</a>","createTime":0,"msgType":"text","reply":true,"serviceKey":"分享"},"分享测试":{"content":"https://open.weixin.qq.com/connect/oauth2/authorize?appid=wx6cdf1c4b3e368bcd&redirect_uri=http%3a%2f%2fwww.zaofans.com%2fzaofans_test%2factivity%2fgetQRCodeImg2%3ftype%3dwx%26brandCodeId%3d555%26qrCodeType%3dtemp&response_type=code&scope=snsapi_base&state=123456#wechat_redirect","createTime":0,"msgType":"text","reply":true,"serviceKey":"分享测试"},"分享测试2":{"content":"https://open.weixin.qq.com/connect/oauth2/authorize?appid=wx6cdf1c4b3e368bcd&redirect_uri=http%3a%2f%2fwww.zaofans.com%2fzaofans_test%2factivity%2fgetQRCodeImg2%3ftype%3dwx%26brandCodeId%3d101%26qrCodeType%3dtemp&response_type=code&scope=snsapi_base&state=123456#wechat_redirect","createTime":0,"msgType":"text","reply":true,"serviceKey":"分享测试2"},"取消订单测试":{"content":"您近期取消过的订单有：\n\n订单编号：123456，取消时间：2015-08-01 12:00:15\n订单编号：654321，取消时间：2015-08-01 15:21:02\n订单编号：321456，取消时间：2015-08-01 18:30:09\n\n点击<a href=\"http://www.baidu.com\">此处</a>查看更多订单信息。\n回复r+订单号,可以快速查询订单详情。\n\n如有疑问，请联系客服电话4008900301。非工作时段也可以发送\"help\"或\"帮助\"进行相关咨询。","createTime":0,"msgType":"text","reply":true,"serviceKey":"取消订单测试"},"取消订单详情测试":{"content":"商店名称:joyseed\n订单编号:123456789\n套餐份数:1\n配送日期:2015-09-09\n下单时间:2015-09-07 12:50:19\n取消时间:2015-09-07 18:30:22\n订单状态:已取消\n\n如有疑问，请联系客服电话4008900301。非工作时段也可以发送\"help\"或\"帮助\"进行相关咨询。","createTime":0,"msgType":"text","reply":true,"serviceKey":"取消订单详情测试"},"取餐码":{"createTime":0,"index":0,"msgType":"remote_text","password":"","remoteType":"local","reply":false,"serviceKey":"取餐码","url":"","username":""},"在线客服":{"content":"<a href=\"http://www.baidu.com?openid=${openid}\">点击打开在线客服</a>","createTime":0,"msgType":"text","reply":true,"serviceKey":"在线客服"},"大厨说":{"articleCount":1,"articles":[{"description":"","picUrl":"http://www.joyseed.com/weixin-test/m.do?type=wx-download-image&filePath=zaofans/641.jpg&completeName=641.jpg","title":"大厨说","url":"http://mp.weixin.qq.com/s?__biz=MzAwMTAzNzkyNQ==&mid=203738650&idx=1&sn=c49a55ca13291f2fb0df3c0b8de5a113#rd"}],"createTime":0,"msgType":"news","reply":true,"serviceKey":"大厨说"},"帮助":{"content":"发送\"trade\"或者\"订单\"，将为您查询所有订单记录。\n发送字母t+完整订单号(如:t123456789)，将为您查询该订单记录。\n\n发送\"refund\"或者\"取消订单\"，将为您查询所有已取消订单记录。\n发送字母r+完整订单号(如:r123456789)，将为您查询该订单记录。\n\n发送\"deposit\"或者\"充值\"，将为您查询所有充值记录。","createTime":0,"msgType":"text","reply":true,"serviceKey":"帮助"},"我的订单":{"content":"<a href=\"http://192.168.46.95:8080/orderUI/trunk/zaofan/#/mySpace/myOrders?__wxopenid=${openid}\">点击打开我的订单</a>","createTime":0,"msgType":"text","reply":true,"serviceKey":"我的订单"},"未付款订单即将取消":{"content":"您好，您预订的帕尼尼套餐5份，订单号123456789，尚未付款。请在2015-09-08 18:52前支付，以便我们为您提供更好的服务。超过该时段仍未支付，系统将自动取消该订单。\n\n如有疑问，请联系客服电话4008900301。非工作时段也可以发送\"help\"或\"帮助\"进行相关咨询。","createTime":0,"msgType":"text","reply":true,"serviceKey":"未付款订单即将取消"},"本地分享":{"content":"<a href=\"https://open.weixin.qq.com/connect/oauth2/authorize?appid=wx6cdf1c4b3e368bcd&redirect_uri=http%3a%2f%2fwww.zaofans.com%2fzaofans-activity-dongze%2factivity%2fbuildShareQRCode&response_type=code&scope=snsapi_base&state=123456#wechat_redirect\">点击</a>","createTime":0,"msgType":"text","reply":true,"serviceKey":"本地分享"},"清除":{"content":"<a href=\"http://www.zaofans.com/zaofans_zmqq/clearLocalstory.html\">点击清除缓存</a>","createTime":0,"msgType":"text","reply":true,"serviceKey":"清除"},"申请邀请码":{"createTime":0,"index":0,"msgType":"remote_text","password":"","remoteType":"local","reply":false,"serviceKey":"申请邀请码","url":"","username":""},"立刻下单":{"content":"<a href=\"http://www.zaofans.com/OrderUI/#/breakfastList?__wxopenid=${openid}\">点击打开立刻下单</a>","createTime":0,"msgType":"text","reply":true,"serviceKey":"立刻下单"},"联系客服":{"content":"正在接入，请稍等...","createTime":0,"msgType":"text","reply":true,"serviceKey":"联系客服"},"订单":{"createTime":0,"index":0,"msgType":"remote_text","password":"","remoteType":"local","reply":false,"serviceKey":"订单","url":"","username":""},"订单查询":{"createTime":0,"index":0,"msgType":"remote_text","password":"","remoteType":"local","reply":false,"serviceKey":"订单查询","url":"","username":""},"订单测试":{"content":"您近期订单有：\n\n订单编号：123456，下单日期：2015-08-01 12:00:15\n订单编号：654321，下单日期：2015-08-01 15:21:02\n订单编号：321456，下单日期：2015-08-01 18:30:09\n\n点击<a href=\"http://www.baidu.com\">此处</a>查看更多订单信息。\n回复t+订单号,可以快速查询订单详情。\n\n如有疑问，请联系客服电话4008900301。非工作时段也可以发送\"help\"或\"帮助\"进行相关咨询。","createTime":0,"msgType":"text","reply":true,"serviceKey":"订单测试"},"订单详情测试":{"content":"商店名称:joyseed\n订单编号:123456789\n套餐份数:3\n订单类型:整周预定\n起始日期:2015-09-08\n结束日期:2015-09-09\n下单时间:2015-09-07 12:50:19\n订单状态:已支付\n\n如有疑问，请联系客服电话4008900301。非工作时段也可以发送\"help\"或\"帮助\"进行相关咨询。","createTime":0,"msgType":"text","reply":true,"serviceKey":"订单详情测试"},"订单详情测试2":{"content":"商店名称:joyseed\n订单编号:123456789\n套餐份数:1\n订单类型:预定\n派送日期:2015-09-09\n下单时间:2015-09-07 12:50:19\n订单状态:已支付\n\n如有疑问，请联系客服电话4008900301。非工作时段也可以发送\"help\"或\"帮助\"进行相关咨询。","createTime":0,"msgType":"text","reply":true,"serviceKey":"订单详情测试2"},"邀请好友":{"content":"<a href=\"http://www.baidu.com?openid=${openid}\">点击打开邀请好友</a>","createTime":0,"msgType":"text","reply":true,"serviceKey":"邀请好友"}},"encrypt_remote_message":false,"expires_in":7200000,"key":"192006250b4c09247ec02edce69f6a2d","keywordsReplyMessage":{"Subscribe_0":{"content":"Hi, 我是Jamie, JoySeed主厨。\n我们提供新鲜、营养均衡的时尚早餐，从新鲜出炉到你的手中，只要2小时。\n了解最新菜单，点击【立即购买】。","createTime":1455886452729,"fromUserName":"gh_a99752f64f36","msgType":"text","reply":true,"serviceKey":"Subscribe_0","toUserName":"oqdjcwzW5uiqS1m66LY9aMhKyrZc"},"Subscribe_1":{"articleCount":1,"articles":[{"description":"","picUrl":"http://www.zaofans.com/weixin-test/m.do?type=wx-download-image&filePath=zaofans/183701f8y6g7fv3ywe4383.jpg&fileName=183701f8y6g7fv3ywe4383.jpg","title":"通知1","url":"http://mp.weixin.qq.com/s?__biz=MzAwODY3MjkyNQ==&mid=207986068&idx=1&sn=411c9e5fee8bd310bf5111be457ae0d8&scene=0#rd"}],"createTime":0,"msgType":"news","reply":true,"serviceKey":"Subscribe_1"},"Subscribe_2":{"content":"您好，欢迎关注JoySeed，您已成为JoySeed会员，您拥有3次邀请凌空小伙伴成为会员的机会，点击【我的】-【分享】即可立即邀请。\n","createTime":0,"msgType":"text","reply":true,"serviceKey":"Subscribe_2"},"Subscribe_3":{"articleCount":1,"articles":[{"description":"","picUrl":"http://www.zaofans.com/weixin-test/m.do?type=wx-download-image&filePath=zaofans/183701f8y6g7fv3ywe4383.jpg&fileName=183701f8y6g7fv3ywe4383.jpg","title":"通知3","url":"http://mp.weixin.qq.com/s?__biz=MzAwODY3MjkyNQ==&mid=207986068&idx=1&sn=411c9e5fee8bd310bf5111be457ae0d8&scene=0#rd"}],"createTime":1440845115907,"fromUserName":"gh_8b1e45e101af","msgType":"news","reply":true,"serviceKey":"Subscribe_3","toUserName":"onbRUsyIXOMPNETJ1IkjJGSVAu4A"},"Subscribe_BEIJING":{"content":"BEIJING","createTime":0,"msgType":"text","reply":true,"serviceKey":"Subscribe_BEIJING"},"Subscribe_INIT":{"content":"INIT","createTime":0,"msgType":"text","reply":true,"serviceKey":"Subscribe_INIT"},"Subscribe_again":{"content":"逗比，你已经扫过该码了！","createTime":1445572599055,"fromUserName":"gh_8b1e45e101af","msgType":"text","reply":true,"serviceKey":"Subscribe_again","toUserName":"onbRUs-2v9TTIWlxluk6cYpM3PXE"},"aaaaa":{"articleCount":2,"articles":[{"description":"","picUrl":"http://pic.nipic.com/2007-11-09/2007119122519868_2.jpg","title":"aaaa","url":"http://mp.weixin.qq.com/s?__biz=MjM5NTA5NzYyMA==&mid=400236622&idx=3&sn=946d9e929ab128ff2452b26a65325f43&scene=0&key=b410d3164f5f798e52ba9c6a3b9b4dccb76bef7797b3c0107b0ce8e8c78d1cabeb79671dcc0092aef88947f24d59ace8&ascene=1&uin=MTk0NjA5MjUwMA%3D%3D&devicetype=Windows+7&version=61050016&pass_ticket=jH7A4eSq%2FSYKDSOZNaMdq2s8FTsbB5RvVYd4rWTvkPb%2B96S%2Fu0F%2Bq%2FGMA7IB8M70"},{"description":"","picUrl":"http://pic.nipic.com/2007-11-09/2007119122519868_2.jpg","title":"这是名称","url":"http://mp.weixin.qq.com/s?__biz=MjM5NTA5NzYyMA==&mid=400236622&idx=3&sn=946d9e929ab128ff2452b26a65325f43&scene=0&key=b410d3164f5f798e52ba9c6a3b9b4dccb76bef7797b3c0107b0ce8e8c78d1cabeb79671dcc0092aef88947f24d59ace8&ascene=1&uin=MTk0NjA5MjUwMA%3D%3D&devicetype=Windows+7&version=61050016&pass_ticket=jH7A4eSq%2FSYKDSOZNaMdq2s8FTsbB5RvVYd4rWTvkPb%2B96S%2Fu0F%2Bq%2FGMA7IB8M70"}],"createTime":0,"msgType":"news","reply":true,"serviceKey":"aaaaa"},"help":{"content":"发送\"trade\"或者\"订单\"，将为您查询所有订单记录。\n发送字母t+完整订单号(如:t123456789)，将为您查询该订单记录。\n\n发送\"refund\"或者\"取消订单\"，将为您查询所有已取消订单记录。\n发送字母r+完整订单号(如:r123456789)，将为您查询该订单记录。\n\n发送\"deposit\"或者\"充值\"，将为您查询所有充值记录。","createTime":0,"msgType":"text","reply":true,"serviceKey":"help"},"个人中心":{"content":"https://open.weixin.qq.com/connect/oauth2/authorize?appid=wxb0894c2926e0b2c9&redirect_uri=http%3a%2f%2fwww.zaofans.com%2fOrderUI_joyseed%2findex.html%23%2fusercenter&response_type=code&scope=snsapi_base&state=123456#wechat_redirect","createTime":0,"msgType":"text","reply":true,"serviceKey":"个人中心"},"你好":{"content":"你好","createTime":0,"msgType":"text","reply":true,"serviceKey":"你好"},"充值优惠":{"content":"<a href=\"http://192.168.46.95:8080/orderUI/trunk/zaofan/#/mySpace/recharge?__wxopenid=${openid}\">点击打开充值优惠</a>","createTime":0,"msgType":"text","reply":true,"serviceKey":"充值优惠"},"充值测试":{"content":"您近期充值记录如下：\n\n订单编号：123456，充值金额：100.00元，充值日期：2015-08-01 12:00:15\n订单编号：654321，充值金额：150.00元，充值日期：2015-08-01 15:21:02\n订单编号：321456，充值金额：500.00元，充值日期：2015-08-01 18:30:09\n\n如有疑问，请联系客服电话4008900301。非工作时段也可以发送\"help\"或\"帮助\"进行相关咨询。","createTime":0,"msgType":"text","reply":true,"serviceKey":"充值测试"},"免费领餐":{"content":"<a href=\"http://www.baidu.com?openid=${openid}\">点击打开免费领餐</a>","createTime":0,"msgType":"text","reply":true,"serviceKey":"免费领餐"},"关于我们":{"articleCount":1,"articles":[{"description":"","picUrl":"http://www.joyseed.com/weixin-test/m.do?type=wx-download-image&filePath=zaofans/640.jpg&completeName=640.jpg","title":"关于我们","url":"http://mp.weixin.qq.com/s?__biz=MzAwMTAzNzkyNQ==&mid=203738571&idx=1&sn=116de19aa6ab5d3f50700b3d82e12a48#rd"}],"createTime":0,"msgType":"news","reply":true,"serviceKey":"关于我们"},"分享":{"content":"<a href=\"https://open.weixin.qq.com/connect/oauth2/authorize?appid=wx6cdf1c4b3e368bcd&redirect_uri=http%3a%2f%2fwww.zaofans.com%2factivity%2factivity%2fbuildShareQRCode&response_type=code&scope=snsapi_base&state=123456#wechat_redirect\">点击</a>","createTime":0,"msgType":"text","reply":true,"serviceKey":"分享"},"分享测试":{"content":"https://open.weixin.qq.com/connect/oauth2/authorize?appid=wx6cdf1c4b3e368bcd&redirect_uri=http%3a%2f%2fwww.zaofans.com%2fzaofans_test%2factivity%2fgetQRCodeImg2%3ftype%3dwx%26brandCodeId%3d555%26qrCodeType%3dtemp&response_type=code&scope=snsapi_base&state=123456#wechat_redirect","createTime":0,"msgType":"text","reply":true,"serviceKey":"分享测试"},"分享测试2":{"content":"https://open.weixin.qq.com/connect/oauth2/authorize?appid=wx6cdf1c4b3e368bcd&redirect_uri=http%3a%2f%2fwww.zaofans.com%2fzaofans_test%2factivity%2fgetQRCodeImg2%3ftype%3dwx%26brandCodeId%3d101%26qrCodeType%3dtemp&response_type=code&scope=snsapi_base&state=123456#wechat_redirect","createTime":0,"msgType":"text","reply":true,"serviceKey":"分享测试2"},"取消订单测试":{"content":"您近期取消过的订单有：\n\n订单编号：123456，取消时间：2015-08-01 12:00:15\n订单编号：654321，取消时间：2015-08-01 15:21:02\n订单编号：321456，取消时间：2015-08-01 18:30:09\n\n点击<a href=\"http://www.baidu.com\">此处</a>查看更多订单信息。\n回复r+订单号,可以快速查询订单详情。\n\n如有疑问，请联系客服电话4008900301。非工作时段也可以发送\"help\"或\"帮助\"进行相关咨询。","createTime":0,"msgType":"text","reply":true,"serviceKey":"取消订单测试"},"取消订单详情测试":{"content":"商店名称:joyseed\n订单编号:123456789\n套餐份数:1\n配送日期:2015-09-09\n下单时间:2015-09-07 12:50:19\n取消时间:2015-09-07 18:30:22\n订单状态:已取消\n\n如有疑问，请联系客服电话4008900301。非工作时段也可以发送\"help\"或\"帮助\"进行相关咨询。","createTime":0,"msgType":"text","reply":true,"serviceKey":"取消订单详情测试"},"取餐码":{"createTime":0,"index":0,"msgType":"remote_text","password":"","remoteType":"local","reply":false,"serviceKey":"取餐码","url":"","username":""},"在线客服":{"content":"<a href=\"http://www.baidu.com?openid=${openid}\">点击打开在线客服</a>","createTime":0,"msgType":"text","reply":true,"serviceKey":"在线客服"},"大厨说":{"articleCount":1,"articles":[{"description":"","picUrl":"http://www.joyseed.com/weixin-test/m.do?type=wx-download-image&filePath=zaofans/641.jpg&completeName=641.jpg","title":"大厨说","url":"http://mp.weixin.qq.com/s?__biz=MzAwMTAzNzkyNQ==&mid=203738650&idx=1&sn=c49a55ca13291f2fb0df3c0b8de5a113#rd"}],"createTime":0,"msgType":"news","reply":true,"serviceKey":"大厨说"},"帮助":{"content":"发送\"trade\"或者\"订单\"，将为您查询所有订单记录。\n发送字母t+完整订单号(如:t123456789)，将为您查询该订单记录。\n\n发送\"refund\"或者\"取消订单\"，将为您查询所有已取消订单记录。\n发送字母r+完整订单号(如:r123456789)，将为您查询该订单记录。\n\n发送\"deposit\"或者\"充值\"，将为您查询所有充值记录。","createTime":0,"msgType":"text","reply":true,"serviceKey":"帮助"},"我的订单":{"content":"<a href=\"http://192.168.46.95:8080/orderUI/trunk/zaofan/#/mySpace/myOrders?__wxopenid=${openid}\">点击打开我的订单</a>","createTime":0,"msgType":"text","reply":true,"serviceKey":"我的订单"},"未付款订单即将取消":{"content":"您好，您预订的帕尼尼套餐5份，订单号123456789，尚未付款。请在2015-09-08 18:52前支付，以便我们为您提供更好的服务。超过该时段仍未支付，系统将自动取消该订单。\n\n如有疑问，请联系客服电话4008900301。非工作时段也可以发送\"help\"或\"帮助\"进行相关咨询。","createTime":0,"msgType":"text","reply":true,"serviceKey":"未付款订单即将取消"},"本地分享":{"content":"<a href=\"https://open.weixin.qq.com/connect/oauth2/authorize?appid=wx6cdf1c4b3e368bcd&redirect_uri=http%3a%2f%2fwww.zaofans.com%2fzaofans-activity-dongze%2factivity%2fbuildShareQRCode&response_type=code&scope=snsapi_base&state=123456#wechat_redirect\">点击</a>","createTime":0,"msgType":"text","reply":true,"serviceKey":"本地分享"},"清除":{"content":"<a href=\"http://www.zaofans.com/zaofans_zmqq/clearLocalstory.html\">点击清除缓存</a>","createTime":0,"msgType":"text","reply":true,"serviceKey":"清除"},"申请邀请码":{"createTime":0,"index":0,"msgType":"remote_text","password":"","remoteType":"local","reply":false,"serviceKey":"申请邀请码","url":"","username":""},"立刻下单":{"content":"<a href=\"http://www.zaofans.com/OrderUI/#/breakfastList?__wxopenid=${openid}\">点击打开立刻下单</a>","createTime":0,"msgType":"text","reply":true,"serviceKey":"立刻下单"},"联系客服":{"content":"正在接入，请稍等...","createTime":0,"msgType":"text","reply":true,"serviceKey":"联系客服"},"订单":{"createTime":0,"index":0,"msgType":"remote_text","password":"","remoteType":"local","reply":false,"serviceKey":"订单","url":"","username":""},"订单查询":{"createTime":0,"index":0,"msgType":"remote_text","password":"","remoteType":"local","reply":false,"serviceKey":"订单查询","url":"","username":""},"订单测试":{"content":"您近期订单有：\n\n订单编号：123456，下单日期：2015-08-01 12:00:15\n订单编号：654321，下单日期：2015-08-01 15:21:02\n订单编号：321456，下单日期：2015-08-01 18:30:09\n\n点击<a href=\"http://www.baidu.com\">此处</a>查看更多订单信息。\n回复t+订单号,可以快速查询订单详情。\n\n如有疑问，请联系客服电话4008900301。非工作时段也可以发送\"help\"或\"帮助\"进行相关咨询。","createTime":0,"msgType":"text","reply":true,"serviceKey":"订单测试"},"订单详情测试":{"content":"商店名称:joyseed\n订单编号:123456789\n套餐份数:3\n订单类型:整周预定\n起始日期:2015-09-08\n结束日期:2015-09-09\n下单时间:2015-09-07 12:50:19\n订单状态:已支付\n\n如有疑问，请联系客服电话4008900301。非工作时段也可以发送\"help\"或\"帮助\"进行相关咨询。","createTime":0,"msgType":"text","reply":true,"serviceKey":"订单详情测试"},"订单详情测试2":{"content":"商店名称:joyseed\n订单编号:123456789\n套餐份数:1\n订单类型:预定\n派送日期:2015-09-09\n下单时间:2015-09-07 12:50:19\n订单状态:已支付\n\n如有疑问，请联系客服电话4008900301。非工作时段也可以发送\"help\"或\"帮助\"进行相关咨询。","createTime":0,"msgType":"text","reply":true,"serviceKey":"订单详情测试2"},"邀请好友":{"content":"<a href=\"http://www.baidu.com?openid=${openid}\">点击打开邀请好友</a>","createTime":0,"msgType":"text","reply":true,"serviceKey":"邀请好友"}},"level":0,"mch_id":"1900000109","message_token":"IZXSG15HHW4QFZWF","password":"e10adc3949ba59abbe56e057f20f883e","public_Type":"SERVIC","remote_message_encrypt":"","service_time":9954169600000,"status":1,"subscribeReplyMessage":{"content":"欢迎关注早范（joyseed测试号）。","createTime":0,"msgType":"text","reply":true},"system_version":0,"uname":"zaofans","version":0,"weixinMenu":"{\"button\":[{\"compare\":\"0\",\"enable\":true,\"key\":\"\",\"name\":\"早Fan\",\"sub_button\":[{\"compare\":\"3\",\"enable\":true,\"key\":\"我的订单\",\"name\":\"配送区域\",\"type\":\"view\",\"url\":\"https://open.weixin.qq.com/connect/oauth2/authorize?appid=wxb0894c2926e0b2c9&redirect_uri=http%3a%2f%2fwww.zaofans.com%2fOrderUI_joyseed%2findex.html%23%2fareaList%2fweixin&response_type=code&scope=snsapi_base&state=123456#wechat_redirect\"},{\"compare\":\"1\",\"enable\":true,\"key\":\"关于我们\",\"name\":\"关于我们\",\"type\":\"click\",\"url\":\"\"},{\"compare\":\"2\",\"enable\":true,\"key\":\"大厨说\",\"name\":\"大厨说\",\"type\":\"click\",\"url\":\"\"},{\"compare\":\"4\",\"enable\":true,\"key\":\"在线客服\",\"name\":\"配送正式库\",\"type\":\"view\",\"url\":\"http://it.zaofans.com:8070/DeliveryUI/#/login\"},{\"compare\":\"5\",\"enable\":true,\"key\":\"在线客服\",\"name\":\"配送测试库\",\"type\":\"view\",\"url\":\"http://it.zaofans.com:8070/DeliveryUI_test/#/login\"}],\"type\":\"\",\"url\":\"\"},{\"compare\":\"0\",\"enable\":true,\"key\":\"\",\"name\":\"立即购买\",\"sub_button\":[{\"compare\":\"0\",\"enable\":true,\"key\":\"我的订单\",\"name\":\"预定\",\"type\":\"view\",\"url\":\"https://open.weixin.qq.com/connect/oauth2/authorize?appid=wxb0894c2926e0b2c9&redirect_uri=http%3a%2f%2fwww.zaofans.com%2fOrderUI_joyseed%2findex.html%23%2fbreakfastList&response_type=code&scope=snsapi_base&state=123456#wechat_redirect\"},{\"compare\":\"1\",\"enable\":true,\"key\":\"我的订单\",\"name\":\"整周预定\",\"type\":\"view\",\"url\":\"https://open.weixin.qq.com/connect/oauth2/authorize?appid=wxb0894c2926e0b2c9&redirect_uri=http%3a%2f%2fwww.zaofans.com%2fOrderUI_joyseed%2findex.html%23%2fmonthOrder&response_type=code&scope=snsapi_base&state=123456#wechat_redirect\"}],\"type\":\"\",\"url\":\"\"},{\"compare\":\"0\",\"enable\":true,\"key\":\"\",\"name\":\"我的\",\"sub_button\":[{\"compare\":\"1\",\"enable\":true,\"key\":\"邀请好友\",\"name\":\"个人中心\",\"type\":\"view\",\"url\":\"https://open.weixin.qq.com/connect/oauth2/authorize?appid=wxb0894c2926e0b2c9&redirect_uri=http%3a%2f%2fwww.zaofans.com%2fOrderUI_joyseed%2findex.html%23%2fusercenter&response_type=code&scope=snsapi_base&state=123456#wechat_redirect\"},{\"compare\":\"2\",\"enable\":true,\"key\":\"充值优惠\",\"name\":\"订单管理\",\"type\":\"view\",\"url\":\"https://open.weixin.qq.com/connect/oauth2/authorize?appid=wxb0894c2926e0b2c9&redirect_uri=http%3a%2f%2fwww.zaofans.com%2fOrderUI_joyseed%2findex.html%23%2forderManager&response_type=code&scope=snsapi_base&state=123456#wechat_redirect\"},{\"compare\":\"3\",\"enable\":true,\"key\":\"免费领餐\",\"name\":\"分享\",\"type\":\"view\",\"url\":\"https://open.weixin.qq.com/connect/oauth2/authorize?appid=wxb0894c2926e0b2c9&redirect_uri=http%3a%2f%2fwww.zaofans.com%2fzaofans_joyseed%2factivity%2fbuildShareQRCode&response_type=code&scope=snsapi_base&state=123456#wechat_redirect\"},{\"compare\":\"4\",\"enable\":true,\"key\":\"在线客服\",\"name\":\"新分享\",\"type\":\"view\",\"url\":\"https://open.weixin.qq.com/connect/oauth2/authorize?appid=wxb0894c2926e0b2c9&redirect_uri=http%3a%2f%2fwww.zaofans.com%2fzaofans_joyseed%2factivity%2fgetQRCodeImg2%3ftype%3dwx%26brandCodeId%3d100%26qrCodeType%3dtemp&response_type=code&scope=snsapi_base&state=123456#wechat_redirect\"}],\"type\":\"\",\"url\":\"\"}]}","weixinRemoteLocationEventMessage":{"createTime":0,"index":0,"msgType":"remote_locationevent","password":"","remoteType":"http","reply":false,"url":"请输入地理位置消息远程调用地址","username":""}} 
[2016-03-08 18:27:30] [INFO ] com.bokesoft.thirdparty.weixin.publicnumber.WeixinPublicNumberUpdater.updateWeixinPublicNumber(WeixinPublicNumberUpdater.java:84) Key@keywordsReplyMessage value :取消订单测试 
[2016-03-08 18:27:30] [INFO ] com.bokesoft.thirdparty.weixin.publicnumber.WeixinPublicNumberUpdater.updateWeixinPublicNumber(WeixinPublicNumberUpdater.java:84) Key@keywordsReplyMessage value :你好 
[2016-03-08 18:27:30] [INFO ] com.bokesoft.thirdparty.weixin.publicnumber.WeixinPublicNumberUpdater.updateWeixinPublicNumber(WeixinPublicNumberUpdater.java:84) Key@keywordsReplyMessage value :未付款订单即将取消 
[2016-03-08 18:27:30] [INFO ] com.bokesoft.thirdparty.weixin.publicnumber.WeixinPublicNumberUpdater.updateWeixinPublicNumber(WeixinPublicNumberUpdater.java:84) Key@keywordsReplyMessage value :申请邀请码 
[2016-03-08 18:27:30] [INFO ] com.bokesoft.thirdparty.weixin.publicnumber.WeixinPublicNumberUpdater.updateWeixinPublicNumber(WeixinPublicNumberUpdater.java:84) Key@keywordsReplyMessage value :Subscribe_again 
[2016-03-08 18:27:30] [INFO ] com.bokesoft.thirdparty.weixin.publicnumber.WeixinPublicNumberUpdater.updateWeixinPublicNumber(WeixinPublicNumberUpdater.java:84) Key@keywordsReplyMessage value :本地分享 
[2016-03-08 18:27:30] [INFO ] com.bokesoft.thirdparty.weixin.publicnumber.WeixinPublicNumberUpdater.updateWeixinPublicNumber(WeixinPublicNumberUpdater.java:84) Key@keywordsReplyMessage value :help 
[2016-03-08 18:27:30] [INFO ] com.bokesoft.thirdparty.weixin.publicnumber.WeixinPublicNumberUpdater.updateWeixinPublicNumber(WeixinPublicNumberUpdater.java:84) Key@keywordsReplyMessage value :订单详情测试 
[2016-03-08 18:27:30] [INFO ] com.bokesoft.thirdparty.weixin.publicnumber.WeixinPublicNumberUpdater.updateWeixinPublicNumber(WeixinPublicNumberUpdater.java:84) Key@keywordsReplyMessage value :立刻下单 
[2016-03-08 18:27:30] [INFO ] com.bokesoft.thirdparty.weixin.publicnumber.WeixinPublicNumberUpdater.updateWeixinPublicNumber(WeixinPublicNumberUpdater.java:84) Key@keywordsReplyMessage value :个人中心 
[2016-03-08 18:27:30] [INFO ] com.bokesoft.thirdparty.weixin.publicnumber.WeixinPublicNumberUpdater.updateWeixinPublicNumber(WeixinPublicNumberUpdater.java:84) Key@keywordsReplyMessage value :Subscribe_INIT 
[2016-03-08 18:27:30] [INFO ] com.bokesoft.thirdparty.weixin.publicnumber.WeixinPublicNumberUpdater.updateWeixinPublicNumber(WeixinPublicNumberUpdater.java:84) Key@keywordsReplyMessage value :订单测试 
[2016-03-08 18:27:30] [INFO ] com.bokesoft.thirdparty.weixin.publicnumber.WeixinPublicNumberUpdater.updateWeixinPublicNumber(WeixinPublicNumberUpdater.java:84) Key@keywordsReplyMessage value :联系客服 
[2016-03-08 18:27:30] [INFO ] com.bokesoft.thirdparty.weixin.publicnumber.WeixinPublicNumberUpdater.updateWeixinPublicNumber(WeixinPublicNumberUpdater.java:84) Key@keywordsReplyMessage value :帮助 
[2016-03-08 18:27:30] [INFO ] com.bokesoft.thirdparty.weixin.publicnumber.WeixinPublicNumberUpdater.updateWeixinPublicNumber(WeixinPublicNumberUpdater.java:84) Key@keywordsReplyMessage value :分享测试 
[2016-03-08 18:27:30] [INFO ] com.bokesoft.thirdparty.weixin.publicnumber.WeixinPublicNumberUpdater.updateWeixinPublicNumber(WeixinPublicNumberUpdater.java:84) Key@keywordsReplyMessage value :分享 
[2016-03-08 18:27:30] [INFO ] com.bokesoft.thirdparty.weixin.publicnumber.WeixinPublicNumberUpdater.updateWeixinPublicNumber(WeixinPublicNumberUpdater.java:84) Key@keywordsReplyMessage value :订单查询 
[2016-03-08 18:27:30] [INFO ] com.bokesoft.thirdparty.weixin.publicnumber.WeixinPublicNumberUpdater.updateWeixinPublicNumber(WeixinPublicNumberUpdater.java:84) Key@keywordsReplyMessage value :免费领餐 
[2016-03-08 18:27:30] [INFO ] com.bokesoft.thirdparty.weixin.publicnumber.WeixinPublicNumberUpdater.updateWeixinPublicNumber(WeixinPublicNumberUpdater.java:84) Key@keywordsReplyMessage value :取消订单详情测试 
[2016-03-08 18:27:30] [INFO ] com.bokesoft.thirdparty.weixin.publicnumber.WeixinPublicNumberUpdater.updateWeixinPublicNumber(WeixinPublicNumberUpdater.java:84) Key@keywordsReplyMessage value :我的订单 
[2016-03-08 18:27:30] [INFO ] com.bokesoft.thirdparty.weixin.publicnumber.WeixinPublicNumberUpdater.updateWeixinPublicNumber(WeixinPublicNumberUpdater.java:84) Key@keywordsReplyMessage value :关于我们 
[2016-03-08 18:27:30] [INFO ] com.bokesoft.thirdparty.weixin.publicnumber.WeixinPublicNumberUpdater.updateWeixinPublicNumber(WeixinPublicNumberUpdater.java:84) Key@keywordsReplyMessage value :在线客服 
[2016-03-08 18:27:30] [INFO ] com.bokesoft.thirdparty.weixin.publicnumber.WeixinPublicNumberUpdater.updateWeixinPublicNumber(WeixinPublicNumberUpdater.java:84) Key@keywordsReplyMessage value :清除 
[2016-03-08 18:27:30] [INFO ] com.bokesoft.thirdparty.weixin.publicnumber.WeixinPublicNumberUpdater.updateWeixinPublicNumber(WeixinPublicNumberUpdater.java:84) Key@keywordsReplyMessage value :分享测试2 
[2016-03-08 18:27:30] [INFO ] com.bokesoft.thirdparty.weixin.publicnumber.WeixinPublicNumberUpdater.updateWeixinPublicNumber(WeixinPublicNumberUpdater.java:84) Key@keywordsReplyMessage value :充值优惠 
[2016-03-08 18:27:30] [INFO ] com.bokesoft.thirdparty.weixin.publicnumber.WeixinPublicNumberUpdater.updateWeixinPublicNumber(WeixinPublicNumberUpdater.java:84) Key@keywordsReplyMessage value :取餐码 
[2016-03-08 18:27:30] [INFO ] com.bokesoft.thirdparty.weixin.publicnumber.WeixinPublicNumberUpdater.updateWeixinPublicNumber(WeixinPublicNumberUpdater.java:84) Key@keywordsReplyMessage value :Subscribe_1 
[2016-03-08 18:27:30] [INFO ] com.bokesoft.thirdparty.weixin.publicnumber.WeixinPublicNumberUpdater.updateWeixinPublicNumber(WeixinPublicNumberUpdater.java:84) Key@keywordsReplyMessage value :Subscribe_BEIJING 
[2016-03-08 18:27:30] [INFO ] com.bokesoft.thirdparty.weixin.publicnumber.WeixinPublicNumberUpdater.updateWeixinPublicNumber(WeixinPublicNumberUpdater.java:84) Key@keywordsReplyMessage value :Subscribe_2 
[2016-03-08 18:27:30] [INFO ] com.bokesoft.thirdparty.weixin.publicnumber.WeixinPublicNumberUpdater.updateWeixinPublicNumber(WeixinPublicNumberUpdater.java:84) Key@keywordsReplyMessage value :充值测试 
[2016-03-08 18:27:30] [INFO ] com.bokesoft.thirdparty.weixin.publicnumber.WeixinPublicNumberUpdater.updateWeixinPublicNumber(WeixinPublicNumberUpdater.java:84) Key@keywordsReplyMessage value :订单 
[2016-03-08 18:27:30] [INFO ] com.bokesoft.thirdparty.weixin.publicnumber.WeixinPublicNumberUpdater.updateWeixinPublicNumber(WeixinPublicNumberUpdater.java:84) Key@keywordsReplyMessage value :Subscribe_3 
[2016-03-08 18:27:30] [INFO ] com.bokesoft.thirdparty.weixin.publicnumber.WeixinPublicNumberUpdater.updateWeixinPublicNumber(WeixinPublicNumberUpdater.java:84) Key@keywordsReplyMessage value :大厨说 
[2016-03-08 18:27:30] [INFO ] com.bokesoft.thirdparty.weixin.publicnumber.WeixinPublicNumberUpdater.updateWeixinPublicNumber(WeixinPublicNumberUpdater.java:84) Key@keywordsReplyMessage value :订单详情测试2 
[2016-03-08 18:27:30] [INFO ] com.bokesoft.thirdparty.weixin.publicnumber.WeixinPublicNumberUpdater.updateWeixinPublicNumber(WeixinPublicNumberUpdater.java:84) Key@keywordsReplyMessage value :邀请好友 
[2016-03-08 18:27:30] [INFO ] com.bokesoft.thirdparty.weixin.publicnumber.WeixinPublicNumberUpdater.updateWeixinPublicNumber(WeixinPublicNumberUpdater.java:84) Key@keywordsReplyMessage value :aaaaa 
[2016-03-08 18:27:30] [INFO ] com.bokesoft.thirdparty.weixin.publicnumber.WeixinPublicNumberUpdater.updateWeixinPublicNumber(WeixinPublicNumberUpdater.java:84) Key@keywordsReplyMessage value :Subscribe_0 
[2016-03-08 18:27:30] [INFO ] com.bokesoft.thirdparty.weixin.publicnumber.WeixinPublicNumberUpdater.updateWeixinPublicNumber(WeixinPublicNumberUpdater.java:95) Key@editKeywordsReplyMessage value :取消订单测试 
[2016-03-08 18:27:30] [INFO ] com.bokesoft.thirdparty.weixin.publicnumber.WeixinPublicNumberUpdater.updateWeixinPublicNumber(WeixinPublicNumberUpdater.java:95) Key@editKeywordsReplyMessage value :你好 
[2016-03-08 18:27:30] [INFO ] com.bokesoft.thirdparty.weixin.publicnumber.WeixinPublicNumberUpdater.updateWeixinPublicNumber(WeixinPublicNumberUpdater.java:95) Key@editKeywordsReplyMessage value :未付款订单即将取消 
[2016-03-08 18:27:30] [INFO ] com.bokesoft.thirdparty.weixin.publicnumber.WeixinPublicNumberUpdater.updateWeixinPublicNumber(WeixinPublicNumberUpdater.java:95) Key@editKeywordsReplyMessage value :申请邀请码 
[2016-03-08 18:27:30] [INFO ] com.bokesoft.thirdparty.weixin.publicnumber.WeixinPublicNumberUpdater.updateWeixinPublicNumber(WeixinPublicNumberUpdater.java:95) Key@editKeywordsReplyMessage value :Subscribe_again 
[2016-03-08 18:27:30] [INFO ] com.bokesoft.thirdparty.weixin.publicnumber.WeixinPublicNumberUpdater.updateWeixinPublicNumber(WeixinPublicNumberUpdater.java:95) Key@editKeywordsReplyMessage value :本地分享 
[2016-03-08 18:27:30] [INFO ] com.bokesoft.thirdparty.weixin.publicnumber.WeixinPublicNumberUpdater.updateWeixinPublicNumber(WeixinPublicNumberUpdater.java:95) Key@editKeywordsReplyMessage value :help 
[2016-03-08 18:27:30] [INFO ] com.bokesoft.thirdparty.weixin.publicnumber.WeixinPublicNumberUpdater.updateWeixinPublicNumber(WeixinPublicNumberUpdater.java:95) Key@editKeywordsReplyMessage value :订单详情测试 
[2016-03-08 18:27:30] [INFO ] com.bokesoft.thirdparty.weixin.publicnumber.WeixinPublicNumberUpdater.updateWeixinPublicNumber(WeixinPublicNumberUpdater.java:95) Key@editKeywordsReplyMessage value :立刻下单 
[2016-03-08 18:27:30] [INFO ] com.bokesoft.thirdparty.weixin.publicnumber.WeixinPublicNumberUpdater.updateWeixinPublicNumber(WeixinPublicNumberUpdater.java:95) Key@editKeywordsReplyMessage value :个人中心 
[2016-03-08 18:27:30] [INFO ] com.bokesoft.thirdparty.weixin.publicnumber.WeixinPublicNumberUpdater.updateWeixinPublicNumber(WeixinPublicNumberUpdater.java:95) Key@editKeywordsReplyMessage value :Subscribe_INIT 
[2016-03-08 18:27:30] [INFO ] com.bokesoft.thirdparty.weixin.publicnumber.WeixinPublicNumberUpdater.updateWeixinPublicNumber(WeixinPublicNumberUpdater.java:95) Key@editKeywordsReplyMessage value :订单测试 
[2016-03-08 18:27:30] [INFO ] com.bokesoft.thirdparty.weixin.publicnumber.WeixinPublicNumberUpdater.updateWeixinPublicNumber(WeixinPublicNumberUpdater.java:95) Key@editKeywordsReplyMessage value :联系客服 
[2016-03-08 18:27:30] [INFO ] com.bokesoft.thirdparty.weixin.publicnumber.WeixinPublicNumberUpdater.updateWeixinPublicNumber(WeixinPublicNumberUpdater.java:95) Key@editKeywordsReplyMessage value :帮助 
[2016-03-08 18:27:30] [INFO ] com.bokesoft.thirdparty.weixin.publicnumber.WeixinPublicNumberUpdater.updateWeixinPublicNumber(WeixinPublicNumberUpdater.java:95) Key@editKeywordsReplyMessage value :分享测试 
[2016-03-08 18:27:30] [INFO ] com.bokesoft.thirdparty.weixin.publicnumber.WeixinPublicNumberUpdater.updateWeixinPublicNumber(WeixinPublicNumberUpdater.java:95) Key@editKeywordsReplyMessage value :分享 
[2016-03-08 18:27:30] [INFO ] com.bokesoft.thirdparty.weixin.publicnumber.WeixinPublicNumberUpdater.updateWeixinPublicNumber(WeixinPublicNumberUpdater.java:95) Key@editKeywordsReplyMessage value :订单查询 
[2016-03-08 18:27:30] [INFO ] com.bokesoft.thirdparty.weixin.publicnumber.WeixinPublicNumberUpdater.updateWeixinPublicNumber(WeixinPublicNumberUpdater.java:95) Key@editKeywordsReplyMessage value :免费领餐 
[2016-03-08 18:27:30] [INFO ] com.bokesoft.thirdparty.weixin.publicnumber.WeixinPublicNumberUpdater.updateWeixinPublicNumber(WeixinPublicNumberUpdater.java:95) Key@editKeywordsReplyMessage value :取消订单详情测试 
[2016-03-08 18:27:30] [INFO ] com.bokesoft.thirdparty.weixin.publicnumber.WeixinPublicNumberUpdater.updateWeixinPublicNumber(WeixinPublicNumberUpdater.java:95) Key@editKeywordsReplyMessage value :我的订单 
[2016-03-08 18:27:30] [INFO ] com.bokesoft.thirdparty.weixin.publicnumber.WeixinPublicNumberUpdater.updateWeixinPublicNumber(WeixinPublicNumberUpdater.java:95) Key@editKeywordsReplyMessage value :关于我们 
[2016-03-08 18:27:30] [INFO ] com.bokesoft.thirdparty.weixin.publicnumber.WeixinPublicNumberUpdater.updateWeixinPublicNumber(WeixinPublicNumberUpdater.java:95) Key@editKeywordsReplyMessage value :在线客服 
[2016-03-08 18:27:30] [INFO ] com.bokesoft.thirdparty.weixin.publicnumber.WeixinPublicNumberUpdater.updateWeixinPublicNumber(WeixinPublicNumberUpdater.java:95) Key@editKeywordsReplyMessage value :清除 
[2016-03-08 18:27:30] [INFO ] com.bokesoft.thirdparty.weixin.publicnumber.WeixinPublicNumberUpdater.updateWeixinPublicNumber(WeixinPublicNumberUpdater.java:95) Key@editKeywordsReplyMessage value :分享测试2 
[2016-03-08 18:27:30] [INFO ] com.bokesoft.thirdparty.weixin.publicnumber.WeixinPublicNumberUpdater.updateWeixinPublicNumber(WeixinPublicNumberUpdater.java:95) Key@editKeywordsReplyMessage value :充值优惠 
[2016-03-08 18:27:30] [INFO ] com.bokesoft.thirdparty.weixin.publicnumber.WeixinPublicNumberUpdater.updateWeixinPublicNumber(WeixinPublicNumberUpdater.java:95) Key@editKeywordsReplyMessage value :取餐码 
[2016-03-08 18:27:30] [INFO ] com.bokesoft.thirdparty.weixin.publicnumber.WeixinPublicNumberUpdater.updateWeixinPublicNumber(WeixinPublicNumberUpdater.java:95) Key@editKeywordsReplyMessage value :Subscribe_1 
[2016-03-08 18:27:30] [INFO ] com.bokesoft.thirdparty.weixin.publicnumber.WeixinPublicNumberUpdater.updateWeixinPublicNumber(WeixinPublicNumberUpdater.java:95) Key@editKeywordsReplyMessage value :Subscribe_BEIJING 
[2016-03-08 18:27:30] [INFO ] com.bokesoft.thirdparty.weixin.publicnumber.WeixinPublicNumberUpdater.updateWeixinPublicNumber(WeixinPublicNumberUpdater.java:95) Key@editKeywordsReplyMessage value :Subscribe_2 
[2016-03-08 18:27:30] [INFO ] com.bokesoft.thirdparty.weixin.publicnumber.WeixinPublicNumberUpdater.updateWeixinPublicNumber(WeixinPublicNumberUpdater.java:95) Key@editKeywordsReplyMessage value :充值测试 
[2016-03-08 18:27:30] [INFO ] com.bokesoft.thirdparty.weixin.publicnumber.WeixinPublicNumberUpdater.updateWeixinPublicNumber(WeixinPublicNumberUpdater.java:95) Key@editKeywordsReplyMessage value :订单 
[2016-03-08 18:27:30] [INFO ] com.bokesoft.thirdparty.weixin.publicnumber.WeixinPublicNumberUpdater.updateWeixinPublicNumber(WeixinPublicNumberUpdater.java:95) Key@editKeywordsReplyMessage value :Subscribe_3 
[2016-03-08 18:27:30] [INFO ] com.bokesoft.thirdparty.weixin.publicnumber.WeixinPublicNumberUpdater.updateWeixinPublicNumber(WeixinPublicNumberUpdater.java:95) Key@editKeywordsReplyMessage value :大厨说 
[2016-03-08 18:27:30] [INFO ] com.bokesoft.thirdparty.weixin.publicnumber.WeixinPublicNumberUpdater.updateWeixinPublicNumber(WeixinPublicNumberUpdater.java:95) Key@editKeywordsReplyMessage value :订单详情测试2 
[2016-03-08 18:27:30] [INFO ] com.bokesoft.thirdparty.weixin.publicnumber.WeixinPublicNumberUpdater.updateWeixinPublicNumber(WeixinPublicNumberUpdater.java:95) Key@editKeywordsReplyMessage value :邀请好友 
[2016-03-08 18:27:30] [INFO ] com.bokesoft.thirdparty.weixin.publicnumber.WeixinPublicNumberUpdater.updateWeixinPublicNumber(WeixinPublicNumberUpdater.java:95) Key@editKeywordsReplyMessage value :aaaaa 
[2016-03-08 18:27:30] [INFO ] com.bokesoft.thirdparty.weixin.publicnumber.WeixinPublicNumberUpdater.updateWeixinPublicNumber(WeixinPublicNumberUpdater.java:95) Key@editKeywordsReplyMessage value :Subscribe_0 
[2016-03-08 18:27:30] [INFO ] com.bokesoft.thirdparty.weixin.publicnumber.WeixinPublicNumberUpdater.updateAllProperties(WeixinPublicNumberUpdater.java:34) end update weixinpublicnumber 
[2016-03-08 18:27:30] [WARN ] com.bokesoft.thirdparty.weixin.ApplicationContext.warn(ApplicationContext.java:374) server.soa.weixin.weixinsession_provider is empty,using default:com.bokesoft.thirdparty.weixin.session.LocalWeixinSessionProvider 
[2016-03-08 18:27:30] [INFO ] org.quartz.impl.StdSchedulerFactory.instantiate(StdSchedulerFactory.java:1184) Using default implementation for ThreadExecutor 
[2016-03-08 18:27:30] [INFO ] org.quartz.simpl.SimpleThreadPool.initialize(SimpleThreadPool.java:268) Job execution threads will use class loader of thread: main 
[2016-03-08 18:27:30] [INFO ] org.quartz.core.SchedulerSignalerImpl.<init>(SchedulerSignalerImpl.java:61) Initialized Scheduler Signaller of type: class org.quartz.core.SchedulerSignalerImpl 
[2016-03-08 18:27:30] [INFO ] org.quartz.core.QuartzScheduler.<init>(QuartzScheduler.java:240) Quartz Scheduler v.2.2.1 created. 
[2016-03-08 18:27:30] [INFO ] org.quartz.simpl.RAMJobStore.initialize(RAMJobStore.java:155) RAMJobStore initialized. 
[2016-03-08 18:27:30] [INFO ] org.quartz.core.QuartzScheduler.initialize(QuartzScheduler.java:305) Scheduler meta-data: Quartz Scheduler (v2.2.1) 'DefaultQuartzScheduler' with instanceId 'NON_CLUSTERED'
  Scheduler class: 'org.quartz.core.QuartzScheduler' - running locally.
  NOT STARTED.
  Currently in standby mode.
  Number of jobs executed: 0
  Using thread pool 'org.quartz.simpl.SimpleThreadPool' - with 10 threads.
  Using job-store 'org.quartz.simpl.RAMJobStore' - which does not support persistence. and is not clustered.
 
[2016-03-08 18:27:30] [INFO ] org.quartz.impl.StdSchedulerFactory.instantiate(StdSchedulerFactory.java:1339) Quartz scheduler 'DefaultQuartzScheduler' initialized from default resource file in Quartz package: 'quartz.properties' 
[2016-03-08 18:27:30] [INFO ] org.quartz.impl.StdSchedulerFactory.instantiate(StdSchedulerFactory.java:1343) Quartz scheduler version: 2.2.1 
[2016-03-08 18:27:30] [INFO ] org.quartz.core.QuartzScheduler.start(QuartzScheduler.java:575) Scheduler DefaultQuartzScheduler_$_NON_CLUSTERED started. 
[2016-03-08 18:27:30] [WARN ] com.bokesoft.thirdparty.weixin.ApplicationContext.warn(ApplicationContext.java:374) server.soa.weixin.weixinpublicnumbermanagerinfo_provider is empty,using default:com.bokesoft.thirdparty.weixin.publicnumber.LocalWeixinPublicNumberManagerInfoProvider 
[2016-03-08 18:27:30] [WARN ] com.bokesoft.thirdparty.weixin.ApplicationContext.warn(ApplicationContext.java:374) server.soa.weixin.weixin_message_service_filters is empty,using default: 
[2016-03-08 18:27:30] [WARN ] com.bokesoft.thirdparty.weixin.ApplicationContext.warn(ApplicationContext.java:374) server.soa.weixin.weixinremotemessage_service_filters is empty,using default: 
[2016-03-08 18:27:30] [INFO ] com.bokesoft.thirdparty.weixin.ApplicationContext.initialize(ApplicationContext.java:611) yigo Weixin application context load complete. 
[2016-03-08 18:27:30] [INFO ] org.eclipse.jetty.server.AbstractConnector.doStart(AbstractConnector.java:338) Started SelectChannelConnector@0.0.0.0:8080 
[2016-03-08 18:27:30] [INFO ] start.StartWeixinHttpServer.start(StartWeixinHttpServer.java:73) >> server started 
[2016-03-08 18:27:40] [INFO ] com.bokesoft.thirdparty.model.LoginHandle.handle(LoginHandle.java:82) user logined:zaofans 
[2016-03-08 18:31:26] [INFO ] org.quartz.core.QuartzScheduler.shutdown(QuartzScheduler.java:694) Scheduler DefaultQuartzScheduler_$_NON_CLUSTERED shutting down. 
[2016-03-08 18:31:26] [INFO ] org.quartz.core.QuartzScheduler.standby(QuartzScheduler.java:613) Scheduler DefaultQuartzScheduler_$_NON_CLUSTERED paused. 
[2016-03-08 18:31:26] [INFO ] org.quartz.core.QuartzScheduler.shutdown(QuartzScheduler.java:771) Scheduler DefaultQuartzScheduler_$_NON_CLUSTERED shutdown complete. 
[2016-03-08 18:31:26] [INFO ] org.eclipse.jetty.servlet.listener.ELContextCleaner.contextDestroyed(ELContextCleaner.java:63) javax.el.BeanELResolver purged 
[2016-03-08 18:31:26] [INFO ] org.eclipse.jetty.server.handler.ContextHandler.doStop(ContextHandler.java:843) stopped o.e.j.w.WebAppContext{/weixin-debug,file:/D:/weixin-debug/},D:\weixin-debug\ 
[2016-03-08 18:41:05] [INFO ] org.eclipse.jetty.server.Server.doStart(Server.java:272) jetty-8.1.14.v20131031 
[2016-03-08 18:41:06] [WARN ] com.bokesoft.thirdparty.weixin.ApplicationContext.warn(ApplicationContext.java:374) server.soa.weixin.subscribe_message is empty,using default:欢迎关注我们！ 
[2016-03-08 18:41:06] [WARN ] com.bokesoft.thirdparty.weixin.ApplicationContext.warn(ApplicationContext.java:374) server.soa.weixin.default_reply_message is empty,using default:没有找到该关键词！ 
[2016-03-08 18:41:06] [WARN ] com.bokesoft.thirdparty.weixin.ApplicationContext.warn(ApplicationContext.java:374) server.soa.weixin.weixinmessage_logger is empty,using default:com.bokesoft.thirdparty.weixin.service.Log4jWeixinMessageLogger 
[2016-03-08 18:41:06] [WARN ] com.bokesoft.thirdparty.weixin.ApplicationContext.warn(ApplicationContext.java:374) server.soa.weixin.remote_message_handle is empty,using default:com.bokesoft.thirdparty.weixin.remote.extend.DefaultWeixinRemoteMessageHandle 
[2016-03-08 18:41:06] [WARN ] com.bokesoft.thirdparty.weixin.ApplicationContext.warn(ApplicationContext.java:374) server.soa.weixin.weixinmessage_Handle is empty,using default:com.bokesoft.thirdparty.weixin.service.WeixinMessageHandleImpl 
[2016-03-08 18:41:06] [WARN ] com.bokesoft.thirdparty.weixin.ApplicationContext.warn(ApplicationContext.java:374) server.soa.weixin.remote_proxys is empty,using default: 
[2016-03-08 18:41:06] [INFO ] com.bokesoft.thirdparty.weixin.ApplicationContext.initWeixinRemoteHandle(ApplicationContext.java:664) load class from remote.properties:com.zaofans.weixin.remotehandle.OrderListQueryHandle,trigger:订单 
[2016-03-08 18:41:06] [INFO ] com.bokesoft.thirdparty.weixin.ApplicationContext.initWeixinRemoteHandle(ApplicationContext.java:664) load class from remote.properties:com.bokesoft.thirdparty.weixin.example.flow.location.LocationFindFlowTest,trigger:附近 
[2016-03-08 18:41:06] [INFO ] com.bokesoft.thirdparty.weixin.ApplicationContext.initWeixinRemoteHandle(ApplicationContext.java:664) load class from remote.properties:com.zaofans.weixin.remotehandle.ScanCellHandle4Share,trigger:申请邀请码 
[2016-03-08 18:41:06] [INFO ] com.bokesoft.thirdparty.weixin.ApplicationContext.initWeixinRemoteHandle(ApplicationContext.java:664) load class from remote.properties:com.zaofans.weixin.remotehandle.ScanCellHandle,trigger:Scan 
[2016-03-08 18:41:06] [INFO ] com.bokesoft.thirdparty.weixin.ApplicationContext.initWeixinRemoteHandle(ApplicationContext.java:664) load class from remote.properties:com.bokesoft.thirdparty.weixin.example.flow.DefaultFlowTest,trigger:远程测试 
[2016-03-08 18:41:06] [INFO ] com.bokesoft.thirdparty.weixin.ApplicationContext.initWeixinRemoteHandle(ApplicationContext.java:664) load class from remote.properties:com.zaofans.weixin.remotehandle.SubscribeCellHandle,trigger:Subscribe 
[2016-03-08 18:41:06] [INFO ] com.bokesoft.thirdparty.weixin.ApplicationContext.initWeixinRemoteHandle(ApplicationContext.java:664) load class from remote.properties:com.zaofans.weixin.remotehandle.OrderQueryHandle,trigger:订单查询 
[2016-03-08 18:41:06] [INFO ] com.bokesoft.thirdparty.weixin.ApplicationContext.initWeixinRemoteHandle(ApplicationContext.java:664) load class from remote.properties:com.zaofans.weixin.remotehandle.CheckcodeQueryHandle,trigger:取餐码 
[2016-03-08 18:41:06] [INFO ] com.bokesoft.thirdparty.weixin.ApplicationContext.initWeixinRemoteHandle(ApplicationContext.java:664) load class from remote.properties:com.bokesoft.thirdparty.weixin.example.flow.location.LocationGoFlowTest,trigger:我要去 
[2016-03-08 18:41:06] [INFO ] com.bokesoft.thirdparty.weixin.ApplicationContext.initWeixinRemoteHandle(ApplicationContext.java:664) load class from remote.properties:com.bokesoft.thirdparty.weixin.example.weather.WeixinRemoteTextMessageWeatherCellHandle,trigger:天气 
[2016-03-08 18:41:06] [INFO ] com.bokesoft.thirdparty.weixin.ApplicationContext.initWeixinRemoteHandle(ApplicationContext.java:664) load class from remote.properties:com.zaofans.weixin.remotehandle.ScancodeWaitmsgHandle,trigger:ScancodeWaitmsg 
[2016-03-08 18:41:06] [INFO ] com.bokesoft.thirdparty.weixin.ApplicationContext.initWeixinRemoteHandle(ApplicationContext.java:664) load class from remote.properties:com.bokesoft.thirdparty.weixin.example.jar.WeixinDaiban,trigger:审批 
[2016-03-08 18:41:06] [WARN ] com.bokesoft.thirdparty.weixin.ApplicationContext.warn(ApplicationContext.java:374) server.soa.weixin.weixinpublicnumber_provider is empty,using default:com.bokesoft.thirdparty.weixin.publicnumber.LocalWeixinPublicNumberProvider 
[2016-03-08 18:41:06] [INFO ] com.bokesoft.thirdparty.weixin.publicnumber.LocalWeixinPublicNumberProvider.initialize(LocalWeixinPublicNumberProvider.java:33) Publicnumber-config-path:D:\weixin-debug\WEB-INF\wx-conf 
[2016-03-08 18:41:07] [INFO ] com.bokesoft.thirdparty.weixin.publicnumber.WeixinPublicNumberUpdater.updateAllProperties(WeixinPublicNumberUpdater.java:27) start update weixinpublicnumber uname:zaofans 
[2016-03-08 18:41:07] [INFO ] com.bokesoft.thirdparty.weixin.publicnumber.WeixinPublicNumberUpdater.updateWeixinPublicNumber(WeixinPublicNumberUpdater.java:39) update weixinpublicnumber {"access_token":"P1FjR0kE4QLwAs42LOMY-uXFN20KTY27ytNT-2myiG3vXSyA-cUL2ikEH8NBTicwoAFoDauc7NF94jHMWLYuNxzvLo2Lk6Fqs1L5HYry-pw","api_ticket":"kgt8ON7yVITDhtdwci0qefXy7JAEQYQLx7JEV4eY-8XRK5hdCFT320D9syJ8DOK-I_mH_PCbBou0gNw6tl3xyQ","app_id":"wxf696643409a56aca","app_secret":"6569b5cb15ef1e8ef1bc7bc000e170fc","createTime":0,"defaultReplyMessage":{"content":"默认消息回复","createTime":0,"msgType":"text","reply":true},"editKeywordsReplyMessage":{},"encrypt_remote_message":false,"expires_in":0,"key":"192006250b4c09247ec02edce69f6a2d","keywordsReplyMessage":{},"level":0,"mch_id":"1900000109","message_token":"IZXSG15HHW4QFZWF","password":"e10adc3949ba59abbe56e057f20f883e","public_Type":"SERVIC","remote_message_encrypt":"","service_time":9954169600000,"status":1,"subscribeReplyMessage":{"content":"欢迎关注早范（joyseed测试号）。","createTime":0,"msgType":"text","reply":true},"system_version":0,"uname":"zaofans","version":0,"weixinMenu":"{\"button\":[{\"compare\":\"0\",\"enable\":true,\"key\":\"\",\"name\":\"早Fan\",\"sub_button\":[{\"compare\":\"3\",\"enable\":true,\"key\":\"我的订单\",\"name\":\"配送区域\",\"type\":\"view\",\"url\":\"https://open.weixin.qq.com/connect/oauth2/authorize?appid=wxb0894c2926e0b2c9&redirect_uri=http%3a%2f%2fwww.zaofans.com%2fOrderUI_joyseed%2findex.html%23%2fareaList%2fweixin&response_type=code&scope=snsapi_base&state=123456#wechat_redirect\"},{\"compare\":\"1\",\"enable\":true,\"key\":\"关于我们\",\"name\":\"关于我们\",\"type\":\"click\",\"url\":\"\"},{\"compare\":\"2\",\"enable\":true,\"key\":\"大厨说\",\"name\":\"大厨说\",\"type\":\"click\",\"url\":\"\"},{\"compare\":\"4\",\"enable\":true,\"key\":\"在线客服\",\"name\":\"配送正式库\",\"type\":\"view\",\"url\":\"http://it.zaofans.com:8070/DeliveryUI/#/login\"},{\"compare\":\"5\",\"enable\":true,\"key\":\"在线客服\",\"name\":\"配送测试库\",\"type\":\"view\",\"url\":\"http://it.zaofans.com:8070/DeliveryUI_test/#/login\"}],\"type\":\"\",\"url\":\"\"},{\"compare\":\"0\",\"enable\":true,\"key\":\"\",\"name\":\"立即购买\",\"sub_button\":[{\"compare\":\"0\",\"enable\":true,\"key\":\"我的订单\",\"name\":\"预定\",\"type\":\"view\",\"url\":\"https://open.weixin.qq.com/connect/oauth2/authorize?appid=wxb0894c2926e0b2c9&redirect_uri=http%3a%2f%2fwww.zaofans.com%2fOrderUI_joyseed%2findex.html%23%2fbreakfastList&response_type=code&scope=snsapi_base&state=123456#wechat_redirect\"},{\"compare\":\"1\",\"enable\":true,\"key\":\"我的订单\",\"name\":\"整周预定\",\"type\":\"view\",\"url\":\"https://open.weixin.qq.com/connect/oauth2/authorize?appid=wxb0894c2926e0b2c9&redirect_uri=http%3a%2f%2fwww.zaofans.com%2fOrderUI_joyseed%2findex.html%23%2fmonthOrder&response_type=code&scope=snsapi_base&state=123456#wechat_redirect\"}],\"type\":\"\",\"url\":\"\"},{\"compare\":\"0\",\"enable\":true,\"key\":\"\",\"name\":\"我的\",\"sub_button\":[{\"compare\":\"1\",\"enable\":true,\"key\":\"邀请好友\",\"name\":\"个人中心\",\"type\":\"view\",\"url\":\"https://open.weixin.qq.com/connect/oauth2/authorize?appid=wxb0894c2926e0b2c9&redirect_uri=http%3a%2f%2fwww.zaofans.com%2fOrderUI_joyseed%2findex.html%23%2fusercenter&response_type=code&scope=snsapi_base&state=123456#wechat_redirect\"},{\"compare\":\"2\",\"enable\":true,\"key\":\"充值优惠\",\"name\":\"订单管理\",\"type\":\"view\",\"url\":\"https://open.weixin.qq.com/connect/oauth2/authorize?appid=wxb0894c2926e0b2c9&redirect_uri=http%3a%2f%2fwww.zaofans.com%2fOrderUI_joyseed%2findex.html%23%2forderManager&response_type=code&scope=snsapi_base&state=123456#wechat_redirect\"},{\"compare\":\"3\",\"enable\":true,\"key\":\"免费领餐\",\"name\":\"分享\",\"type\":\"view\",\"url\":\"https://open.weixin.qq.com/connect/oauth2/authorize?appid=wxb0894c2926e0b2c9&redirect_uri=http%3a%2f%2fwww.zaofans.com%2fzaofans_joyseed%2factivity%2fbuildShareQRCode&response_type=code&scope=snsapi_base&state=123456#wechat_redirect\"},{\"compare\":\"4\",\"enable\":true,\"key\":\"在线客服\",\"name\":\"新分享\",\"type\":\"view\",\"url\":\"https://open.weixin.qq.com/connect/oauth2/authorize?appid=wxb0894c2926e0b2c9&redirect_uri=http%3a%2f%2fwww.zaofans.com%2fzaofans_joyseed%2factivity%2fgetQRCodeImg2%3ftype%3dwx%26brandCodeId%3d100%26qrCodeType%3dtemp&response_type=code&scope=snsapi_base&state=123456#wechat_redirect\"}],\"type\":\"\",\"url\":\"\"}]}","weixinRemoteLocationEventMessage":{"createTime":0,"index":0,"msgType":"remote_locationevent","password":"","remoteType":"http","reply":false,"url":"请输入地理位置消息远程调用地址","username":""}} 
[2016-03-08 18:41:07] [INFO ] com.bokesoft.thirdparty.weixin.publicnumber.WeixinPublicNumberUpdater.updateAllProperties(WeixinPublicNumberUpdater.java:34) end update weixinpublicnumber 
[2016-03-08 18:41:07] [WARN ] com.bokesoft.thirdparty.weixin.ApplicationContext.warn(ApplicationContext.java:374) server.soa.weixin.weixinsession_provider is empty,using default:com.bokesoft.thirdparty.weixin.session.LocalWeixinSessionProvider 
[2016-03-08 18:41:07] [INFO ] org.quartz.impl.StdSchedulerFactory.instantiate(StdSchedulerFactory.java:1184) Using default implementation for ThreadExecutor 
[2016-03-08 18:41:07] [INFO ] org.quartz.simpl.SimpleThreadPool.initialize(SimpleThreadPool.java:268) Job execution threads will use class loader of thread: main 
[2016-03-08 18:41:07] [INFO ] org.quartz.core.SchedulerSignalerImpl.<init>(SchedulerSignalerImpl.java:61) Initialized Scheduler Signaller of type: class org.quartz.core.SchedulerSignalerImpl 
[2016-03-08 18:41:07] [INFO ] org.quartz.core.QuartzScheduler.<init>(QuartzScheduler.java:240) Quartz Scheduler v.2.2.1 created. 
[2016-03-08 18:41:07] [INFO ] org.quartz.simpl.RAMJobStore.initialize(RAMJobStore.java:155) RAMJobStore initialized. 
[2016-03-08 18:41:07] [INFO ] org.quartz.core.QuartzScheduler.initialize(QuartzScheduler.java:305) Scheduler meta-data: Quartz Scheduler (v2.2.1) 'DefaultQuartzScheduler' with instanceId 'NON_CLUSTERED'
  Scheduler class: 'org.quartz.core.QuartzScheduler' - running locally.
  NOT STARTED.
  Currently in standby mode.
  Number of jobs executed: 0
  Using thread pool 'org.quartz.simpl.SimpleThreadPool' - with 10 threads.
  Using job-store 'org.quartz.simpl.RAMJobStore' - which does not support persistence. and is not clustered.
 
[2016-03-08 18:41:07] [INFO ] org.quartz.impl.StdSchedulerFactory.instantiate(StdSchedulerFactory.java:1339) Quartz scheduler 'DefaultQuartzScheduler' initialized from default resource file in Quartz package: 'quartz.properties' 
[2016-03-08 18:41:07] [INFO ] org.quartz.impl.StdSchedulerFactory.instantiate(StdSchedulerFactory.java:1343) Quartz scheduler version: 2.2.1 
[2016-03-08 18:41:07] [INFO ] org.quartz.core.QuartzScheduler.start(QuartzScheduler.java:575) Scheduler DefaultQuartzScheduler_$_NON_CLUSTERED started. 
[2016-03-08 18:41:07] [WARN ] com.bokesoft.thirdparty.weixin.ApplicationContext.warn(ApplicationContext.java:374) server.soa.weixin.weixinpublicnumbermanagerinfo_provider is empty,using default:com.bokesoft.thirdparty.weixin.publicnumber.LocalWeixinPublicNumberManagerInfoProvider 
[2016-03-08 18:41:07] [WARN ] com.bokesoft.thirdparty.weixin.ApplicationContext.warn(ApplicationContext.java:374) server.soa.weixin.weixin_message_service_filters is empty,using default: 
[2016-03-08 18:41:07] [WARN ] com.bokesoft.thirdparty.weixin.ApplicationContext.warn(ApplicationContext.java:374) server.soa.weixin.weixinremotemessage_service_filters is empty,using default: 
[2016-03-08 18:41:07] [INFO ] com.bokesoft.thirdparty.weixin.ApplicationContext.initialize(ApplicationContext.java:611) yigo Weixin application context load complete. 
[2016-03-08 18:41:07] [INFO ] org.eclipse.jetty.server.AbstractConnector.doStart(AbstractConnector.java:338) Started SelectChannelConnector@0.0.0.0:8080 
[2016-03-08 18:41:07] [INFO ] start.StartWeixinHttpServer.start(StartWeixinHttpServer.java:73) >> server started 
[2016-03-08 18:41:22] [WARN ] org.eclipse.jetty.http.HttpGenerator.addContent(HttpGenerator.java:180) Ignoring extra content 

<!DOCTYPE html>
<html lang="en">
	<head>
		<meta http-equiv="Content-Type" content="text/html; charset=UTF-8"/>
		<title>寰淇℃＄＄骞冲伴椤</title>
		<link href="css/style.css" rel="stylesheet"/>
		<style type="text/css">
			.zclip{
				margin-top: -8px;
			}
		</style>
	</head>
	<body>
	    



 
[2016-03-08 18:44:46] [INFO ] org.quartz.core.QuartzScheduler.shutdown(QuartzScheduler.java:694) Scheduler DefaultQuartzScheduler_$_NON_CLUSTERED shutting down. 
[2016-03-08 18:44:46] [INFO ] org.quartz.core.QuartzScheduler.standby(QuartzScheduler.java:613) Scheduler DefaultQuartzScheduler_$_NON_CLUSTERED paused. 
[2016-03-08 18:44:46] [INFO ] org.quartz.core.QuartzScheduler.shutdown(QuartzScheduler.java:771) Scheduler DefaultQuartzScheduler_$_NON_CLUSTERED shutdown complete. 
[2016-03-08 18:44:46] [INFO ] org.eclipse.jetty.servlet.listener.ELContextCleaner.contextDestroyed(ELContextCleaner.java:63) javax.el.BeanELResolver purged 
[2016-03-08 18:44:46] [INFO ] org.eclipse.jetty.server.handler.ContextHandler.doStop(ContextHandler.java:843) stopped o.e.j.w.WebAppContext{/weixin-debug,file:/D:/weixin-debug/},D:\weixin-debug\ 
